#
# There is insufficient memory for the Java Runtime Environment to continue.
# Native memory allocation (malloc) failed to allocate 1723136 bytes for Chunk::new
# Possible reasons:
#   The system is out of physical RAM or swap space
#   The process is running with CompressedOops enabled, and the Java Heap may be blocking the growth of the native heap
# Possible solutions:
#   Reduce memory load on the system
#   Increase physical memory or swap space
#   Check if swap backing store is full
#   Decrease Java heap size (-Xmx/-Xms)
#   Decrease number of Java threads
#   Decrease Java thread stack sizes (-Xss)
#   Set larger code cache with -XX:ReservedCodeCacheSize=
#   JVM is running with Unscaled Compressed Oops mode in which the Java heap is
#     placed in the first 4GB address space. The Java Heap base address is the
#     maximum limit for the native heap growth. Please use -XX:HeapBaseMinAddress
#     to set the Java Heap base and to place the Java Heap above 4GB virtual address.
# This output file may be truncated or incomplete.
#
#  Out of Memory Error (allocation.cpp:389), pid=17560, tid=0x0000000000003a60
#
# JRE version: OpenJDK Runtime Environment (8.0_202-b03) (build 1.8.0_202-release-1483-b03)
# Java VM: OpenJDK 64-Bit Server VM (25.202-b03 mixed mode windows-amd64 compressed oops)
# Failed to write core dump. Minidumps are not enabled by default on client versions of Windows
#

---------------  T H R E A D  ---------------

Current thread (0x00000000175d2000):  JavaThread "C2 CompilerThread1" daemon [_thread_in_native, id=14944, stack(0x0000000017fc0000,0x00000000180c0000)]

Stack: [0x0000000017fc0000,0x00000000180c0000]
[error occurred during error reporting (printing stack bounds), id 0xc0000005]

Native frames: (J=compiled Java code, j=interpreted, Vv=VM code, C=native code)


Current CompileTask:
C2:3897780 7529       4       org.gradle.model.internal.type.ModelType::wrap (219 bytes)


---------------  P R O C E S S  ---------------

Java Threads: ( => current thread )
  0x000000001c04e800 JavaThread "build operations Thread 8" [_thread_blocked, id=15956, stack(0x0000000021440000,0x0000000021540000)]
  0x000000001c051800 JavaThread "build operations Thread 7" [_thread_blocked, id=19968, stack(0x0000000021340000,0x0000000021440000)]
  0x000000001c04d800 JavaThread "build operations Thread 6" [_thread_blocked, id=24012, stack(0x0000000021240000,0x0000000021340000)]
  0x000000001c046000 JavaThread "build operations Thread 5" [_thread_blocked, id=9224, stack(0x0000000020f40000,0x0000000021040000)]
  0x000000001c04d000 JavaThread "build operations Thread 4" [_thread_blocked, id=22520, stack(0x000000001e5c0000,0x000000001e6c0000)]
  0x000000001c045800 JavaThread "build operations Thread 3" [_thread_blocked, id=9252, stack(0x000000001c2e0000,0x000000001c3e0000)]
  0x000000001c04c000 JavaThread "build operations Thread 2" [_thread_blocked, id=22664, stack(0x000000001c1e0000,0x000000001c2e0000)]
  0x000000001c04b800 JavaThread "build operations" [_thread_blocked, id=23308, stack(0x000000001ac10000,0x000000001ad10000)]
  0x000000001c049000 JavaThread "Cache worker for Artifact transforms cache (C:\Users\LENOVO\.gradle\caches\transforms-1)" [_thread_blocked, id=24712, stack(0x000000001ab10000,0x000000001ac10000)]
  0x000000001c04a800 JavaThread "Cache worker for file hash cache (D:\Laptop\Maen Naamneh\GI Projects\GalaxypharmacyApp-Sharaq\.gradle\4.4\fileHashes)" [_thread_blocked, id=16144, stack(0x000000001aa10000,0x000000001ab10000)]
  0x000000001c043000 JavaThread "Stdin handler" [_thread_blocked, id=22280, stack(0x000000001a910000,0x000000001aa10000)]
  0x000000001c044000 JavaThread "Asynchronous log dispatcher for DefaultDaemonConnection: socket connection from /127.0.0.1:50573 to /127.0.0.1:52462" [_thread_blocked, id=24648, stack(0x000000001a610000,0x000000001a710000)]
  0x000000001c04a000 JavaThread "Daemon worker Thread 2" [_thread_in_vm, id=2472, stack(0x000000001a510000,0x000000001a610000)]
  0x000000001c048800 JavaThread "Cancel handler" [_thread_blocked, id=24864, stack(0x0000000001160000,0x0000000001260000)]
  0x000000001c047000 JavaThread "Handler for socket connection from /127.0.0.1:50573 to /127.0.0.1:52462" [_thread_in_native, id=9972, stack(0x0000000001060000,0x0000000001160000)]
  0x000000001c047800 JavaThread "Daemon Thread 2" [_thread_blocked, id=14472, stack(0x0000000000f60000,0x0000000001060000)]
  0x000000001c042800 JavaThread "Memory manager" [_thread_blocked, id=3624, stack(0x0000000021c40000,0x0000000021d40000)]
  0x0000000019964000 JavaThread "File lock request listener" [_thread_in_native, id=6496, stack(0x000000001c0e0000,0x000000001c1e0000)]
  0x00000000199ea000 JavaThread "Cache worker for file hash cache (C:\Users\LENOVO\.gradle\caches\4.4\fileHashes)" [_thread_blocked, id=13792, stack(0x000000001b010000,0x000000001b110000)]
  0x0000000019779000 JavaThread "Daemon periodic checks" [_thread_blocked, id=4124, stack(0x000000001a410000,0x000000001a510000)]
  0x0000000019a55000 JavaThread "Incoming local TCP Connector on port 50573" [_thread_in_native, id=17460, stack(0x000000001a1d0000,0x000000001a2d0000)]
  0x00000000176b8000 JavaThread "Service Thread" daemon [_thread_blocked, id=864, stack(0x00000000182c0000,0x00000000183c0000)]
  0x0000000017633000 JavaThread "C1 CompilerThread3" daemon [_thread_blocked, id=10944, stack(0x00000000181c0000,0x00000000182c0000)]
  0x00000000175d8000 JavaThread "C2 CompilerThread2" daemon [_thread_blocked, id=3240, stack(0x00000000180c0000,0x00000000181c0000)]
=>0x00000000175d2000 JavaThread "C2 CompilerThread1" daemon [_thread_in_native, id=14944, stack(0x0000000017fc0000,0x00000000180c0000)]
  0x00000000175ce000 JavaThread "C2 CompilerThread0" daemon [_thread_in_native, id=8732, stack(0x0000000017ec0000,0x0000000017fc0000)]
  0x000000001761e000 JavaThread "Attach Listener" daemon [_thread_blocked, id=10536, stack(0x0000000017dc0000,0x0000000017ec0000)]
  0x000000001761d800 JavaThread "Signal Dispatcher" daemon [_thread_blocked, id=8672, stack(0x0000000017cc0000,0x0000000017dc0000)]
  0x0000000002c8e800 JavaThread "Finalizer" daemon [_thread_blocked, id=14848, stack(0x0000000017aa0000,0x0000000017ba0000)]
  0x00000000175c0800 JavaThread "Reference Handler" daemon [_thread_blocked, id=2844, stack(0x00000000179a0000,0x0000000017aa0000)]
  0x0000000002a7e800 JavaThread "main" [_thread_blocked, id=15116, stack(0x0000000002a80000,0x0000000002b80000)]

Other Threads:
  0x00000000157c8000 VMThread [stack: 0x00000000174a0000,0x00000000175a0000] [id=9236]
  0x000000001768b000 WatcherThread [stack: 0x00000000183c0000,0x00000000184c0000] [id=12056]

VM state:not at safepoint (normal execution)

VM Mutex/Monitor currently owned by a thread: None

heap address: 0x00000000c0000000, size: 1024 MB, Compressed Oops mode: 32-bit
Narrow klass base: 0x0000000000000000, Narrow klass shift: 3
Compressed class space size: 1073741824 Address: 0x0000000100000000

Heap:
 PSYoungGen      total 166400K, used 144020K [0x00000000eab00000, 0x00000000fa700000, 0x0000000100000000)
  eden space 151552K, 85% used [0x00000000eab00000,0x00000000f2928810,0x00000000f3f00000)
  from space 14848K, 99% used [0x00000000f3f00000,0x00000000f4d7ca30,0x00000000f4d80000)
  to   space 19968K, 0% used [0x00000000f9380000,0x00000000f9380000,0x00000000fa700000)
 ParOldGen       total 166400K, used 26808K [0x00000000c0000000, 0x00000000ca280000, 0x00000000eab00000)
  object space 166400K, 16% used [0x00000000c0000000,0x00000000c1a2e1e0,0x00000000ca280000)
 Metaspace       used 55151K, capacity 56732K, committed 56920K, reserved 1097728K
  class space    used 7387K, capacity 7771K, committed 7808K, reserved 1048576K

Card table byte_map: [0x0000000012050000,0x0000000012260000] byte_map_base: 0x0000000011a50000

Marking Bits: (ParMarkBitMap*) 0x000000006d1b9f30
 Begin Bits: [0x0000000012bc0000, 0x0000000013bc0000)
 End Bits:   [0x0000000013bc0000, 0x0000000014bc0000)

Polling page: 0x0000000000d30000

CodeCache: size=245760Kb used=21281Kb max_used=21292Kb free=224478Kb
 bounds [0x0000000002c90000, 0x0000000004180000, 0x0000000011c90000]
 total_blobs=7324 nmethods=6547 adapters=690
 compilation: enabled

Compilation events (10 events):
Event: 3897.762 Thread 0x0000000017633000 7578   !   3       com.sun.xml.internal.bind.v2.runtime.unmarshaller.UnmarshallingContext::endElement (91 bytes)
Event: 3897.764 Thread 0x0000000017633000 nmethod 7578 0x0000000004173790 code [0x0000000004173ae0, 0x0000000004175888]
Event: 3897.765 Thread 0x0000000017633000 7579       3       com.sun.xml.internal.bind.v2.runtime.unmarshaller.UnmarshallingContext$State::access$1300 (5 bytes)
Event: 3897.765 Thread 0x0000000017633000 nmethod 7579 0x0000000002f1bc90 code [0x0000000002f1be00, 0x0000000002f1bf68]
Event: 3897.766 Thread 0x0000000017633000 7580       3       com.sun.xml.internal.bind.v2.runtime.unmarshaller.UnmarshallingContext$State::pop (97 bytes)
Event: 3897.767 Thread 0x0000000017633000 nmethod 7580 0x000000000304dad0 code [0x000000000304dca0, 0x000000000304e638]
Event: 3897.768 Thread 0x0000000017633000 7585       3       sun.reflect.UnsafeObjectFieldAccessorImpl::set (56 bytes)
Event: 3897.769 Thread 0x0000000017633000 nmethod 7585 0x0000000004176990 code [0x0000000004176c40, 0x0000000004178528]
Event: 3897.770 Thread 0x0000000017633000 7586       3       com.sun.org.apache.xerces.internal.jaxp.validation.ValidatorHandlerImpl::fillXMLAttribute (67 bytes)
Event: 3897.771 Thread 0x0000000017633000 nmethod 7586 0x00000000030383d0 code [0x00000000030385a0, 0x0000000003038c68]

GC Heap History (10 events):
Event: 3.696 GC heap before
{Heap before GC invocations=5 (full 1):
 PSYoungGen      total 75776K, used 65024K [0x00000000eab00000, 0x00000000f3f00000, 0x0000000100000000)
  eden space 65024K, 100% used [0x00000000eab00000,0x00000000eea80000,0x00000000eea80000)
  from space 10752K, 0% used [0x00000000eea80000,0x00000000eea80000,0x00000000ef500000)
  to   space 10752K, 0% used [0x00000000f3480000,0x00000000f3480000,0x00000000f3f00000)
 ParOldGen       total 102912K, used 8614K [0x00000000c0000000, 0x00000000c6480000, 0x00000000eab00000)
  object space 102912K, 8% used [0x00000000c0000000,0x00000000c0869bb0,0x00000000c6480000)
 Metaspace       used 26286K, capacity 26698K, committed 27136K, reserved 1073152K
  class space    used 3622K, capacity 3744K, committed 3840K, reserved 1048576K
Event: 3.704 GC heap after
Heap after GC invocations=5 (full 1):
 PSYoungGen      total 107520K, used 7027K [0x00000000eab00000, 0x00000000f3b80000, 0x0000000100000000)
  eden space 100352K, 0% used [0x00000000eab00000,0x00000000eab00000,0x00000000f0d00000)
  from space 7168K, 98% used [0x00000000f3480000,0x00000000f3b5cc60,0x00000000f3b80000)
  to   space 10752K, 0% used [0x00000000f2680000,0x00000000f2680000,0x00000000f3100000)
 ParOldGen       total 102912K, used 8622K [0x00000000c0000000, 0x00000000c6480000, 0x00000000eab00000)
  object space 102912K, 8% used [0x00000000c0000000,0x00000000c086bbb0,0x00000000c6480000)
 Metaspace       used 26286K, capacity 26698K, committed 27136K, reserved 1073152K
  class space    used 3622K, capacity 3744K, committed 3840K, reserved 1048576K
}
Event: 5.049 GC heap before
{Heap before GC invocations=6 (full 1):
 PSYoungGen      total 107520K, used 104410K [0x00000000eab00000, 0x00000000f3b80000, 0x0000000100000000)
  eden space 100352K, 97% used [0x00000000eab00000,0x00000000f0a19ce8,0x00000000f0d00000)
  from space 7168K, 98% used [0x00000000f3480000,0x00000000f3b5cc60,0x00000000f3b80000)
  to   space 10752K, 0% used [0x00000000f2680000,0x00000000f2680000,0x00000000f3100000)
 ParOldGen       total 102912K, used 8622K [0x00000000c0000000, 0x00000000c6480000, 0x00000000eab00000)
  object space 102912K, 8% used [0x00000000c0000000,0x00000000c086bbb0,0x00000000c6480000)
 Metaspace       used 34547K, capacity 35136K, committed 35416K, reserved 1079296K
  class space    used 4778K, capacity 4962K, committed 4992K, reserved 1048576K
Event: 5.060 GC heap after
Heap after GC invocations=6 (full 1):
 PSYoungGen      total 137216K, used 10725K [0x00000000eab00000, 0x00000000f5b80000, 0x0000000100000000)
  eden space 126464K, 0% used [0x00000000eab00000,0x00000000eab00000,0x00000000f2680000)
  from space 10752K, 99% used [0x00000000f2680000,0x00000000f30f9590,0x00000000f3100000)
  to   space 14336K, 0% used [0x00000000f4d80000,0x00000000f4d80000,0x00000000f5b80000)
 ParOldGen       total 102912K, used 11271K [0x00000000c0000000, 0x00000000c6480000, 0x00000000eab00000)
  object space 102912K, 10% used [0x00000000c0000000,0x00000000c0b01f30,0x00000000c6480000)
 Metaspace       used 34547K, capacity 35136K, committed 35416K, reserved 1079296K
  class space    used 4778K, capacity 4962K, committed 4992K, reserved 1048576K
}
Event: 5.060 GC heap before
{Heap before GC invocations=7 (full 2):
 PSYoungGen      total 137216K, used 10725K [0x00000000eab00000, 0x00000000f5b80000, 0x0000000100000000)
  eden space 126464K, 0% used [0x00000000eab00000,0x00000000eab00000,0x00000000f2680000)
  from space 10752K, 99% used [0x00000000f2680000,0x00000000f30f9590,0x00000000f3100000)
  to   space 14336K, 0% used [0x00000000f4d80000,0x00000000f4d80000,0x00000000f5b80000)
 ParOldGen       total 102912K, used 11271K [0x00000000c0000000, 0x00000000c6480000, 0x00000000eab00000)
  object space 102912K, 10% used [0x00000000c0000000,0x00000000c0b01f30,0x00000000c6480000)
 Metaspace       used 34547K, capacity 35136K, committed 35416K, reserved 1079296K
  class space    used 4778K, capacity 4962K, committed 4992K, reserved 1048576K
Event: 5.094 GC heap after
Heap after GC invocations=7 (full 2):
 PSYoungGen      total 137216K, used 0K [0x00000000eab00000, 0x00000000f5b80000, 0x0000000100000000)
  eden space 126464K, 0% used [0x00000000eab00000,0x00000000eab00000,0x00000000f2680000)
  from space 10752K, 0% used [0x00000000f2680000,0x00000000f2680000,0x00000000f3100000)
  to   space 14336K, 0% used [0x00000000f4d80000,0x00000000f4d80000,0x00000000f5b80000)
 ParOldGen       total 166400K, used 19931K [0x00000000c0000000, 0x00000000ca280000, 0x00000000eab00000)
  object space 166400K, 11% used [0x00000000c0000000,0x00000000c1376ed0,0x00000000ca280000)
 Metaspace       used 34547K, capacity 35136K, committed 35416K, reserved 1079296K
  class space    used 4778K, capacity 4962K, committed 4992K, reserved 1048576K
}
Event: 6.463 GC heap before
{Heap before GC invocations=8 (full 2):
 PSYoungGen      total 137216K, used 126464K [0x00000000eab00000, 0x00000000f5b80000, 0x0000000100000000)
  eden space 126464K, 100% used [0x00000000eab00000,0x00000000f2680000,0x00000000f2680000)
  from space 10752K, 0% used [0x00000000f2680000,0x00000000f2680000,0x00000000f3100000)
  to   space 14336K, 0% used [0x00000000f4d80000,0x00000000f4d80000,0x00000000f5b80000)
 ParOldGen       total 166400K, used 19931K [0x00000000c0000000, 0x00000000ca280000, 0x00000000eab00000)
  object space 166400K, 11% used [0x00000000c0000000,0x00000000c1376ed0,0x00000000ca280000)
 Metaspace       used 44147K, capacity 44990K, committed 45272K, reserved 1087488K
  class space    used 6016K, capacity 6284K, committed 6400K, reserved 1048576K
Event: 6.473 GC heap after
Heap after GC invocations=8 (full 2):
 PSYoungGen      total 165888K, used 12088K [0x00000000eab00000, 0x00000000f7a80000, 0x0000000100000000)
  eden space 151552K, 0% used [0x00000000eab00000,0x00000000eab00000,0x00000000f3f00000)
  from space 14336K, 84% used [0x00000000f4d80000,0x00000000f594e260,0x00000000f5b80000)
  to   space 14848K, 0% used [0x00000000f3f00000,0x00000000f3f00000,0x00000000f4d80000)
 ParOldGen       total 166400K, used 19939K [0x00000000c0000000, 0x00000000ca280000, 0x00000000eab00000)
  object space 166400K, 11% used [0x00000000c0000000,0x00000000c1378ed0,0x00000000ca280000)
 Metaspace       used 44147K, capacity 44990K, committed 45272K, reserved 1087488K
  class space    used 6016K, capacity 6284K, committed 6400K, reserved 1048576K
}
Event: 8.189 GC heap before
{Heap before GC invocations=9 (full 2):
 PSYoungGen      total 165888K, used 163640K [0x00000000eab00000, 0x00000000f7a80000, 0x0000000100000000)
  eden space 151552K, 100% used [0x00000000eab00000,0x00000000f3f00000,0x00000000f3f00000)
  from space 14336K, 84% used [0x00000000f4d80000,0x00000000f594e260,0x00000000f5b80000)
  to   space 14848K, 0% used [0x00000000f3f00000,0x00000000f3f00000,0x00000000f4d80000)
 ParOldGen       total 166400K, used 19939K [0x00000000c0000000, 0x00000000ca280000, 0x00000000eab00000)
  object space 166400K, 11% used [0x00000000c0000000,0x00000000c1378ed0,0x00000000ca280000)
 Metaspace       used 50712K, capacity 52208K, committed 52440K, reserved 1093632K
  class space    used 6949K, capacity 7317K, committed 7424K, reserved 1048576K
Event: 8.205 GC heap after
Heap after GC invocations=9 (full 2):
 PSYoungGen      total 166400K, used 14834K [0x00000000eab00000, 0x00000000fa700000, 0x0000000100000000)
  eden space 151552K, 0% used [0x00000000eab00000,0x00000000eab00000,0x00000000f3f00000)
  from space 14848K, 99% used [0x00000000f3f00000,0x00000000f4d7ca30,0x00000000f4d80000)
  to   space 19968K, 0% used [0x00000000f9380000,0x00000000f9380000,0x00000000fa700000)
 ParOldGen       total 166400K, used 26808K [0x00000000c0000000, 0x00000000ca280000, 0x00000000eab00000)
  object space 166400K, 16% used [0x00000000c0000000,0x00000000c1a2e1e0,0x00000000ca280000)
 Metaspace       used 50712K, capacity 52208K, committed 52440K, reserved 1093632K
  class space    used 6949K, capacity 7317K, committed 7424K, reserved 1048576K
}

Deoptimization events (10 events):
Event: 3895.943 Thread 0x000000001c04a000 Uncommon trap: reason=unstable_if action=reinterpret pc=0x0000000002e079ec method=org.gradle.internal.io.StreamByteBuffer.prepareRead()I @ 30
Event: 3896.051 Thread 0x000000001c04a000 Uncommon trap: reason=unstable_if action=reinterpret pc=0x0000000003fdd7c8 method=java.net.URLClassLoader.getAndVerifyPackage(Ljava/lang/String;Ljava/util/jar/Manifest;Ljava/net/URL;)Ljava/lang/Package; @ 62
Event: 3896.057 Thread 0x000000001c04a000 Uncommon trap: reason=unstable_if action=reinterpret pc=0x000000000400b04c method=java.net.URLClassLoader.getAndVerifyPackage(Ljava/lang/String;Ljava/util/jar/Manifest;Ljava/net/URL;)Ljava/lang/Package; @ 62
Event: 3896.382 Thread 0x000000001c04a000 Uncommon trap: reason=class_check action=maybe_recompile pc=0x000000000310d824 method=com.google.common.cache.LocalCache$Segment.get(Ljava/lang/Object;ILcom/google/common/cache/CacheLoader;)Ljava/lang/Object; @ 70
Event: 3896.383 Thread 0x000000001c04a000 Uncommon trap: reason=unstable_if action=reinterpret pc=0x0000000002ec9fcc method=org.gradle.internal.hash.HashCode.equals(Ljava/lang/Object;)Z @ 2
Event: 3896.384 Thread 0x000000001c04a000 Uncommon trap: reason=class_check action=maybe_recompile pc=0x000000000310d824 method=com.google.common.cache.LocalCache$Segment.get(Ljava/lang/Object;ILcom/google/common/cache/CacheLoader;)Ljava/lang/Object; @ 70
Event: 3896.467 Thread 0x000000001c04a000 Uncommon trap: reason=class_check action=maybe_recompile pc=0x000000000310d824 method=com.google.common.cache.LocalCache$Segment.get(Ljava/lang/Object;ILcom/google/common/cache/CacheLoader;)Ljava/lang/Object; @ 70
Event: 3896.519 Thread 0x000000001c04a000 Uncommon trap: reason=bimorphic action=maybe_recompile pc=0x0000000002f51818 method=org.gradle.cache.internal.btree.FileBackedBlockStore$BlockImpl.read()V @ 77
Event: 3896.865 Thread 0x000000001c04a000 Uncommon trap: reason=bimorphic action=maybe_recompile pc=0x0000000002f51818 method=org.gradle.cache.internal.btree.FileBackedBlockStore$BlockImpl.read()V @ 77
Event: 3897.172 Thread 0x000000001c04a000 Uncommon trap: reason=unstable_if action=reinterpret pc=0x00000000033914b8 method=sun.nio.fs.WindowsPathParser.isLetter(C)Z @ 3

Classes redefined (0 events):
No events

Internal exceptions (10 events):
Event: 3897.636 Thread 0x000000001c04a000 Exception <a 'sun/nio/fs/WindowsException'> (0x00000000f248b6e0) thrown at [D:\src\AOSP-openjdk-cygwin\jdk8u\hotspot\src\share\vm\prims\jni.cpp, line 710]
Event: 3897.636 Thread 0x000000001c04a000 Exception <a 'sun/nio/fs/WindowsException'> (0x00000000f248c308) thrown at [D:\src\AOSP-openjdk-cygwin\jdk8u\hotspot\src\share\vm\prims\jni.cpp, line 710]
Event: 3897.636 Thread 0x000000001c04a000 Exception <a 'sun/nio/fs/WindowsException'> (0x00000000f248f0b8) thrown at [D:\src\AOSP-openjdk-cygwin\jdk8u\hotspot\src\share\vm\prims\jni.cpp, line 710]
Event: 3897.636 Thread 0x000000001c04a000 Exception <a 'sun/nio/fs/WindowsException'> (0x00000000f248fd18) thrown at [D:\src\AOSP-openjdk-cygwin\jdk8u\hotspot\src\share\vm\prims\jni.cpp, line 710]
Event: 3897.636 Thread 0x000000001c04a000 Exception <a 'sun/nio/fs/WindowsException'> (0x00000000f24919a8) thrown at [D:\src\AOSP-openjdk-cygwin\jdk8u\hotspot\src\share\vm\prims\jni.cpp, line 710]
Event: 3897.636 Thread 0x000000001c04a000 Exception <a 'sun/nio/fs/WindowsException'> (0x00000000f2492648) thrown at [D:\src\AOSP-openjdk-cygwin\jdk8u\hotspot\src\share\vm\prims\jni.cpp, line 710]
Event: 3897.637 Thread 0x000000001c04a000 Exception <a 'sun/nio/fs/WindowsException'> (0x00000000f2495cb0) thrown at [D:\src\AOSP-openjdk-cygwin\jdk8u\hotspot\src\share\vm\prims\jni.cpp, line 710]
Event: 3897.637 Thread 0x000000001c04a000 Exception <a 'sun/nio/fs/WindowsException'> (0x00000000f24967d0) thrown at [D:\src\AOSP-openjdk-cygwin\jdk8u\hotspot\src\share\vm\prims\jni.cpp, line 710]
Event: 3897.637 Thread 0x000000001c04a000 Exception <a 'sun/nio/fs/WindowsException'> (0x00000000f2498320) thrown at [D:\src\AOSP-openjdk-cygwin\jdk8u\hotspot\src\share\vm\prims\jni.cpp, line 710]
Event: 3897.637 Thread 0x000000001c04a000 Exception <a 'sun/nio/fs/WindowsException'> (0x00000000f2498e80) thrown at [D:\src\AOSP-openjdk-cygwin\jdk8u\hotspot\src\share\vm\prims\jni.cpp, line 710]

Events (10 events):
Event: 3897.741 Thread 0x0000000017633000 flushing nmethod 0x000000000303cb50
Event: 3897.741 Thread 0x0000000017633000 flushing nmethod 0x0000000003045550
Event: 3897.741 Thread 0x0000000017633000 flushing nmethod 0x000000000304d290
Event: 3897.741 Thread 0x0000000017633000 flushing nmethod 0x0000000003053f10
Event: 3897.741 Thread 0x0000000017633000 flushing nmethod 0x00000000030542d0
Event: 3897.741 Thread 0x0000000017633000 flushing nmethod 0x0000000003066010
Event: 3897.746 Thread 0x0000000017633000 flushing nmethod 0x00000000030bd810
Event: 3897.750 Thread 0x00000000175ce000 flushing nmethod 0x00000000035735d0
Event: 3897.752 Thread 0x0000000017633000 flushing nmethod 0x0000000003619850
Event: 3897.770 Thread 0x0000000017633000 flushing nmethod 0x0000000003f7f490


Dynamic libraries:
0x00007ff79b4d0000 - 0x00007ff79b501000 	C:\Program Files\Android\Android Studio\jre\bin\java.exe
0x00007ffab7560000 - 0x00007ffab7750000 	C:\Windows\SYSTEM32\ntdll.dll
0x00007ffab6a90000 - 0x00007ffab6b42000 	C:\Windows\System32\KERNEL32.DLL
0x00007ffab4dc0000 - 0x00007ffab5064000 	C:\Windows\System32\KERNELBASE.dll
0x00007ffab57c0000 - 0x00007ffab5863000 	C:\Windows\System32\ADVAPI32.dll
0x00007ffab7240000 - 0x00007ffab72de000 	C:\Windows\System32\msvcrt.dll
0x00007ffab5d50000 - 0x00007ffab5de7000 	C:\Windows\System32\sechost.dll
0x00007ffab5870000 - 0x00007ffab5990000 	C:\Windows\System32\RPCRT4.dll
0x00007ffab5bb0000 - 0x00007ffab5d44000 	C:\Windows\System32\USER32.dll
0x00007ffab5070000 - 0x00007ffab5091000 	C:\Windows\System32\win32u.dll
0x00007ffab72e0000 - 0x00007ffab7306000 	C:\Windows\System32\GDI32.dll
0x00007ffab50a0000 - 0x00007ffab5235000 	C:\Windows\System32\gdi32full.dll
0x00007ffab5340000 - 0x00007ffab53de000 	C:\Windows\System32\msvcp_win.dll
0x00007ffab44c0000 - 0x00007ffab45ba000 	C:\Windows\System32\ucrtbase.dll
0x00007ffa856e0000 - 0x00007ffa85964000 	C:\Windows\WinSxS\amd64_microsoft.windows.common-controls_6595b64144ccf1df_6.0.18362.900_none_e6beb9d913147d17\COMCTL32.dll
0x00007ffab6670000 - 0x00007ffab69a5000 	C:\Windows\System32\combase.dll
0x00007ffab52c0000 - 0x00007ffab5340000 	C:\Windows\System32\bcryptPrimitives.dll
0x00007ffab5df0000 - 0x00007ffab5e1e000 	C:\Windows\System32\IMM32.DLL
0x000000006e900000 - 0x000000006e9d2000 	C:\Program Files\Android\Android Studio\jre\jre\bin\msvcr100.dll
0x000000006c9f0000 - 0x000000006d236000 	C:\Program Files\Android\Android Studio\jre\jre\bin\server\jvm.dll
0x00007ffab5990000 - 0x00007ffab5998000 	C:\Windows\System32\PSAPI.DLL
0x00007ffaa1c80000 - 0x00007ffaa1c89000 	C:\Windows\SYSTEM32\WSOCK32.dll
0x00007ffaad4c0000 - 0x00007ffaad4e4000 	C:\Windows\SYSTEM32\WINMM.dll
0x00007ffaa7c70000 - 0x00007ffaa7c7a000 	C:\Windows\SYSTEM32\VERSION.dll
0x00007ffab6a20000 - 0x00007ffab6a8f000 	C:\Windows\System32\WS2_32.dll
0x00007ffaad490000 - 0x00007ffaad4bd000 	C:\Windows\SYSTEM32\WINMMBASE.dll
0x00007ffab45f0000 - 0x00007ffab463a000 	C:\Windows\System32\cfgmgr32.dll
0x00007ffaa3650000 - 0x00007ffaa365f000 	C:\Program Files\Android\Android Studio\jre\jre\bin\verify.dll
0x00007ffaa21e0000 - 0x00007ffaa2209000 	C:\Program Files\Android\Android Studio\jre\jre\bin\java.dll
0x00007ffa919e0000 - 0x00007ffa919f6000 	C:\Program Files\Android\Android Studio\jre\jre\bin\zip.dll
0x00007ffab6b50000 - 0x00007ffab7236000 	C:\Windows\System32\SHELL32.dll
0x00007ffab5710000 - 0x00007ffab57b9000 	C:\Windows\System32\shcore.dll
0x00007ffab4640000 - 0x00007ffab4dc0000 	C:\Windows\System32\windows.storage.dll
0x00007ffab4490000 - 0x00007ffab44b3000 	C:\Windows\System32\profapi.dll
0x00007ffab4400000 - 0x00007ffab444a000 	C:\Windows\System32\powrprof.dll
0x00007ffab43f0000 - 0x00007ffab4400000 	C:\Windows\System32\UMPDC.dll
0x00007ffab64e0000 - 0x00007ffab6532000 	C:\Windows\System32\shlwapi.dll
0x00007ffab4470000 - 0x00007ffab4481000 	C:\Windows\System32\kernel.appcore.dll
0x00007ffab5240000 - 0x00007ffab5257000 	C:\Windows\System32\cryptsp.dll
0x00007ffa919c0000 - 0x00007ffa919da000 	C:\Program Files\Android\Android Studio\jre\jre\bin\net.dll
0x00007ffab3c60000 - 0x00007ffab3cc7000 	C:\Windows\system32\mswsock.dll
0x00007ffa919a0000 - 0x00007ffa919b1000 	C:\Program Files\Android\Android Studio\jre\jre\bin\nio.dll
0x00007ffaac5d0000 - 0x00007ffaac5ee000 	C:\Users\LENOVO\.gradle\native\25\windows-amd64\native-platform.dll
0x00007ffaa35e0000 - 0x00007ffaa35ed000 	C:\Program Files\Android\Android Studio\jre\jre\bin\management.dll
0x00007ffab37d0000 - 0x00007ffab3803000 	C:\Windows\system32\rsaenh.dll
0x00007ffab45c0000 - 0x00007ffab45e6000 	C:\Windows\System32\bcrypt.dll
0x00007ffab42e0000 - 0x00007ffab4305000 	C:\Windows\SYSTEM32\USERENV.dll
0x00007ffab3e30000 - 0x00007ffab3e3c000 	C:\Windows\SYSTEM32\CRYPTBASE.dll
0x00007ffab3970000 - 0x00007ffab39aa000 	C:\Windows\SYSTEM32\IPHLPAPI.DLL
0x00007ffab64d0000 - 0x00007ffab64d8000 	C:\Windows\System32\NSI.dll
0x00007ffaaa4e0000 - 0x00007ffaaa4f6000 	C:\Windows\SYSTEM32\dhcpcsvc6.DLL
0x00007ffaaa450000 - 0x00007ffaaa46c000 	C:\Windows\SYSTEM32\dhcpcsvc.DLL
0x00007ffab39b0000 - 0x00007ffab3a7b000 	C:\Windows\SYSTEM32\DNSAPI.dll

VM Arguments:
jvm_args: -XX:+HeapDumpOnOutOfMemoryError -Xmx1024m -Dfile.encoding=windows-1256 -Duser.country=US -Duser.language=en -Duser.variant 
java_command: org.gradle.launcher.daemon.bootstrap.GradleDaemon 4.4
java_class_path (initial): C:\Users\LENOVO\.gradle\wrapper\dists\gradle-4.4-all\9br9xq1tocpiv8o6njlyu5op1\gradle-4.4\lib\gradle-launcher-4.4.jar
Launcher Type: SUN_STANDARD

Environment Variables:
PATH=C:\Windows\system32;C:\Windows;C:\Windows\System32\Wbem;C:\Windows\System32\WindowsPowerShell\v1.0\;C:\Windows\System32\OpenSSH\;C:\Program Files (x86)\Microsoft SQL Server\140\Tools\Binn\;C:\Program Files\Microsoft SQL Server\140\Tools\Binn\;C:\Program Files (x86)\Microsoft SQL Server\140\DTS\Binn\;C:\Program Files\Microsoft SQL Server\140\DTS\Binn\;C:\Program Files\Microsoft SQL Server\Client SDK\ODBC\130\Tools\Binn\;C:\Program Files (x86)\Microsoft SQL Server\Client SDK\ODBC\130\Tools\Binn\;C:\Program Files (x86)\Microsoft SQL Server\140\Tools\Binn\ManagementStudio\;C:\Program Files\dotnet\;C:\Program Files\Microsoft SQL Server\130\Tools\Binn\;C:\Program Files\Microsoft SQL Server\Client SDK\ODBC\170\Tools\Binn\;C:\Program Files (x86)\Microsoft SQL Server\100\Tools\Binn\;C:\Program Files\Microsoft SQL Server\100\Tools\Binn\;C:\Program Files\Microsoft SQL Server\100\DTS\Binn\;C:\Program Files (x86)\Microsoft SQL Server\100\Tools\Binn\VSShell\Common7\IDE\;C:\Program Files (x86)\Microsoft Visual Studio 9.0\Common7\IDE\PrivateAssemblies\;C:\Program Files (x86)\Microsoft SQL Server\100\DTS\Binn\;C:\Program Files (x86)\Microsoft SQL Server\90\Tools\binn\;C:\Windows\system32\config\systemprofile\.dnx\bin;C:\Program Files\Microsoft DNX\Dnvm\;C:\Program Files\Git\cmd;C:\Program Files\Microsoft\Web Platform Installer\;C:\Program Files\Microsoft SQL Server\110\DTS\Binn\;C:\Program Files (x86)\Microsoft SQL Server\110\Tools\Binn\;C:\Program Files\Microsoft SQL Server\110\Tools\Binn\;C:\Program Files (x86)\Microsoft SQL Server\110\Tools\Binn\ManagementStudio\;C:\Program Files (x86)\Microsoft Visual Studio 10.0\Common7\IDE\PrivateAssemblies\;C:\Program Files (x86)\Microsoft SQL Server\110\DTS\Binn\;C:\Program Files (x86)\CrSSL\bin;C:\Program Files (x86)\CrSSL\bin;C:\Program Files (x86)\CrSSL\bin;C:\Users\LENOVO\AppData\Local\Microsoft\WindowsApps;C:\Users\LENOVO\.dotnet\tools
USERNAME=LENOVO
OS=Windows_NT
PROCESSOR_IDENTIFIER=Intel64 Family 6 Model 142 Stepping 11, GenuineIntel



---------------  S Y S T E M  ---------------

OS: Windows 10.0 , 64 bit Build 18362 (10.0.18362.900)

CPU:total 8 (initial active 8) (4 cores per cpu, 2 threads per core) family 6 model 142 stepping 11, cmov, cx8, fxsr, mmx, sse, sse2, sse3, ssse3, sse4.1, sse4.2, popcnt, avx, avx2, clmul, erms, 3dnowpref, lzcnt, ht, tsc, tscinvbit, bmi1, bmi2, adx

Memory: 4k page, physical 16615512k(2815432k free), swap 16615512k(6576k free)

vm_info: OpenJDK 64-Bit Server VM (25.202-b03) for windows-amd64 JRE (1.8.0_202-release-1483-b03), built by "builder" with MS VC++ 10.0 (VS2010)

time: Sun Jul 05 09:20:05 2020
timezone: Jordan Daylight Time
elapsed time: 3897 seconds (0d 1h 4m 57s)

