#
# There is insufficient memory for the Java Runtime Environment to continue.
# Native memory allocation (malloc) failed to allocate 428176 bytes for Chunk::new
# Possible reasons:
#   The system is out of physical RAM or swap space
#   The process is running with CompressedOops enabled, and the Java Heap may be blocking the growth of the native heap
# Possible solutions:
#   Reduce memory load on the system
#   Increase physical memory or swap space
#   Check if swap backing store is full
#   Decrease Java heap size (-Xmx/-Xms)
#   Decrease number of Java threads
#   Decrease Java thread stack sizes (-Xss)
#   Set larger code cache with -XX:ReservedCodeCacheSize=
#   JVM is running with Unscaled Compressed Oops mode in which the Java heap is
#     placed in the first 4GB address space. The Java Heap base address is the
#     maximum limit for the native heap growth. Please use -XX:HeapBaseMinAddress
#     to set the Java Heap base and to place the Java Heap above 4GB virtual address.
# This output file may be truncated or incomplete.
#
#  Out of Memory Error (allocation.cpp:389), pid=6652, tid=0x0000000000004874
#
# JRE version: OpenJDK Runtime Environment (8.0_202-b03) (build 1.8.0_202-release-1483-b03)
# Java VM: OpenJDK 64-Bit Server VM (25.202-b03 mixed mode windows-amd64 compressed oops)
# Failed to write core dump. Minidumps are not enabled by default on client versions of Windows
#

---------------  T H R E A D  ---------------

Current thread (0x0000000017425000):  JavaThread "C2 CompilerThread1" daemon [_thread_in_native, id=18548, stack(0x0000000017ef0000,0x0000000017ff0000)]

Stack: [0x0000000017ef0000,0x0000000017ff0000]
[error occurred during error reporting (printing stack bounds), id 0xc0000005]

Native frames: (J=compiled Java code, j=interpreted, Vv=VM code, C=native code)


Current CompileTask:
C2:   3755 1434       4       com.android.dx.ssa.SCCP::simulatePhi (169 bytes)


---------------  P R O C E S S  ---------------

Java Threads: ( => current thread )
  0x00000000177c4000 JavaThread "pool-1-thread-4" [_thread_in_Java, id=9304, stack(0x0000000018ff0000,0x00000000190f0000)]
  0x00000000177c3800 JavaThread "pool-1-thread-3" [_thread_blocked, id=7988, stack(0x0000000018ef0000,0x0000000018ff0000)]
  0x00000000177c2800 JavaThread "pool-1-thread-2" [_thread_blocked, id=2432, stack(0x0000000018df0000,0x0000000018ef0000)]
  0x00000000176dd000 JavaThread "pool-2-thread-1" [_thread_blocked, id=11976, stack(0x0000000018cf0000,0x0000000018df0000)]
  0x00000000176dc800 JavaThread "pool-1-thread-1" [_thread_in_Java, id=84, stack(0x0000000018bf0000,0x0000000018cf0000)]
  0x000000001747a800 JavaThread "Service Thread" daemon [_thread_blocked, id=16420, stack(0x00000000181f0000,0x00000000182f0000)]
  0x000000001742a000 JavaThread "C1 CompilerThread3" daemon [_thread_blocked, id=11640, stack(0x00000000180f0000,0x00000000181f0000)]
  0x0000000017425800 JavaThread "C2 CompilerThread2" daemon [_thread_in_native, id=15452, stack(0x0000000017ff0000,0x00000000180f0000)]
=>0x0000000017425000 JavaThread "C2 CompilerThread1" daemon [_thread_in_native, id=18548, stack(0x0000000017ef0000,0x0000000017ff0000)]
  0x0000000017421800 JavaThread "C2 CompilerThread0" daemon [_thread_blocked, id=19416, stack(0x0000000017df0000,0x0000000017ef0000)]
  0x0000000017421000 JavaThread "Attach Listener" daemon [_thread_blocked, id=18120, stack(0x0000000017cf0000,0x0000000017df0000)]
  0x0000000017420000 JavaThread "Signal Dispatcher" daemon [_thread_blocked, id=18372, stack(0x0000000017bf0000,0x0000000017cf0000)]
  0x000000001560c800 JavaThread "Finalizer" daemon [_thread_blocked, id=15528, stack(0x00000000178f0000,0x00000000179f0000)]
  0x0000000002ae8800 JavaThread "Reference Handler" daemon [_thread_blocked, id=8664, stack(0x00000000177f0000,0x00000000178f0000)]
  0x00000000029f2800 JavaThread "main" [_thread_in_Java, id=21160, stack(0x00000000028f0000,0x00000000029f0000)]

Other Threads:
  0x0000000015606000 VMThread [stack: 0x00000000172f0000,0x00000000173f0000] [id=1624]
  0x000000001747b800 WatcherThread [stack: 0x00000000182f0000,0x00000000183f0000] [id=16164]

VM state:not at safepoint (normal execution)

VM Mutex/Monitor currently owned by a thread: None

heap address: 0x00000000c0000000, size: 1024 MB, Compressed Oops mode: 32-bit
Narrow klass base: 0x0000000000000000, Narrow klass shift: 3
Compressed class space size: 1073741824 Address: 0x0000000100000000

Heap:
 PSYoungGen      total 75776K, used 58779K [0x00000000eab00000, 0x00000000eff80000, 0x0000000100000000)
  eden space 65024K, 90% used [0x00000000eab00000,0x00000000ee466f90,0x00000000eea80000)
  from space 10752K, 0% used [0x00000000ef500000,0x00000000ef500000,0x00000000eff80000)
  to   space 10752K, 0% used [0x00000000eea80000,0x00000000eea80000,0x00000000ef500000)
 ParOldGen       total 173568K, used 0K [0x00000000c0000000, 0x00000000ca980000, 0x00000000eab00000)
  object space 173568K, 0% used [0x00000000c0000000,0x00000000c0000000,0x00000000ca980000)
 Metaspace       used 6128K, capacity 7088K, committed 7296K, reserved 1056768K
  class space    used 574K, capacity 616K, committed 640K, reserved 1048576K

Card table byte_map: [0x0000000011eb0000,0x00000000120c0000] byte_map_base: 0x00000000118b0000

Marking Bits: (ParMarkBitMap*) 0x000000006b789f30
 Begin Bits: [0x0000000012a20000, 0x0000000013a20000)
 End Bits:   [0x0000000013a20000, 0x0000000014a20000)

Polling page: 0x00000000027e0000

CodeCache: size=245760Kb used=5806Kb max_used=5818Kb free=239953Kb
 bounds [0x0000000002af0000, 0x00000000030b0000, 0x0000000011af0000]
 total_blobs=1709 nmethods=1439 adapters=183
 compilation: enabled

Compilation events (10 events):
Event: 3.681 Thread 0x0000000017421800 1330       4       com.android.dx.ssa.LiteralOpUpgrader$1::visitNonMoveInsn (203 bytes)
Event: 3.703 Thread 0x0000000017421800 nmethod 1330 0x000000000308bad0 code [0x000000000308bdc0, 0x000000000308c738]
Event: 3.703 Thread 0x0000000017421800 1439       4       com.android.dx.rop.code.Insn::getLocalAssignment (48 bytes)
Event: 3.705 Thread 0x0000000017421800 nmethod 1439 0x000000000308a050 code [0x000000000308a180, 0x000000000308a238]
Event: 3.705 Thread 0x0000000017421800 1432       4       com.android.dx.rop.code.ThrowingCstInsn::withNewRegisters (25 bytes)
Event: 3.710 Thread 0x0000000017421800 nmethod 1432 0x00000000030880d0 code [0x0000000003088220, 0x0000000003088458]
Event: 3.710 Thread 0x0000000017421800 1334       4       com.android.dx.rop.type.Type::isCategory2 (36 bytes)
Event: 3.711 Thread 0x0000000017421800 nmethod 1334 0x0000000002fce8d0 code [0x0000000002fcea00, 0x0000000002fcea78]
Event: 3.711 Thread 0x0000000017421800 1337       4       com.android.dx.ssa.SsaMethod::forEachInsn (36 bytes)
Event: 3.717 Thread 0x0000000017421800 nmethod 1337 0x0000000003087a50 code [0x0000000003087ba0, 0x0000000003087dc8]

GC Heap History (0 events):
No events

Deoptimization events (10 events):
Event: 1.981 Thread 0x00000000177c4000 Uncommon trap: reason=unstable_if action=reinterpret pc=0x0000000002d2c5b4 method=java.util.BitSet.ensureCapacity(I)V @ 6
Event: 1.982 Thread 0x00000000177c4000 Uncommon trap: reason=unstable_if action=reinterpret pc=0x0000000002cf97b0 method=java.util.BitSet.nextSetBit(I)I @ 87
Event: 2.372 Thread 0x00000000177c2800 Uncommon trap: reason=class_check action=maybe_recompile pc=0x0000000002d8c500 method=com.android.dx.ssa.NormalSsaInsn.accept(Lcom/android/dx/ssa/SsaInsn$Visitor;)V @ 9
Event: 2.372 Thread 0x00000000177c2800 Uncommon trap: reason=class_check action=maybe_recompile pc=0x0000000002d1d970 method=com.android.dx.ssa.NormalSsaInsn.accept(Lcom/android/dx/ssa/SsaInsn$Visitor;)V @ 9
Event: 2.372 Thread 0x00000000177c2800 Uncommon trap: reason=class_check action=maybe_recompile pc=0x0000000002d1d970 method=com.android.dx.ssa.NormalSsaInsn.accept(Lcom/android/dx/ssa/SsaInsn$Visitor;)V @ 9
Event: 2.372 Thread 0x00000000177c2800 Uncommon trap: reason=class_check action=maybe_recompile pc=0x0000000002d1d970 method=com.android.dx.ssa.NormalSsaInsn.accept(Lcom/android/dx/ssa/SsaInsn$Visitor;)V @ 9
Event: 2.388 Thread 0x00000000177c2800 Uncommon trap: reason=class_check action=maybe_recompile pc=0x0000000002d8c500 method=com.android.dx.ssa.NormalSsaInsn.accept(Lcom/android/dx/ssa/SsaInsn$Visitor;)V @ 9
Event: 3.472 Thread 0x00000000177c3800 Uncommon trap: reason=unstable_if action=reinterpret pc=0x0000000002ea1bb8 method=com.android.dx.util.IntList.binarysearch(I)I @ 105
Event: 3.560 Thread 0x00000000176dc800 Uncommon trap: reason=null_check action=make_not_entrant pc=0x0000000002dad3a8 method=com.android.dx.rop.type.Type.equals(Ljava/lang/Object;)Z @ 8
Event: 3.586 Thread 0x00000000177c2800 Uncommon trap: reason=unstable_if action=reinterpret pc=0x0000000002e3dcdc method=com.android.dx.ssa.SsaMethod.updateOneDefinition(Lcom/android/dx/ssa/SsaInsn;Lcom/android/dx/rop/code/RegisterSpec;)V @ 4

Classes redefined (0 events):
No events

Internal exceptions (3 events):
Event: 0.114 Thread 0x00000000029f2800 Exception <a 'java/lang/NoSuchMethodError': Method sun.misc.Unsafe.defineClass(Ljava/lang/String;[BII)Ljava/lang/Class; name or signature does not match> (0x00000000eab07cb0) thrown at [D:\src\AOSP-openjdk-cygwin\jdk8u\hotspot\src\share\vm\prims\jni.cpp, 
Event: 0.115 Thread 0x00000000029f2800 Exception <a 'java/lang/NoSuchMethodError': Method sun.misc.Unsafe.prefetchRead(Ljava/lang/Object;J)V name or signature does not match> (0x00000000eab07f98) thrown at [D:\src\AOSP-openjdk-cygwin\jdk8u\hotspot\src\share\vm\prims\jni.cpp, line 4012]
Event: 3.560 Thread 0x00000000176dc800 Implicit null exception at 0x0000000002dad2a2 to 0x0000000002dad39a

Events (10 events):
Event: 3.552 Thread 0x00000000177c3800 DEOPT PACKING pc=0x0000000002e320bf sp=0x0000000018feed60
Event: 3.552 Thread 0x00000000177c3800 DEOPT UNPACKING pc=0x0000000002b375d0 sp=0x0000000018feeab0 mode 0
Event: 3.560 Thread 0x00000000176dc800 Uncommon trap: trap_request=0xfffffff4 fr.pc=0x0000000002dad3a8
Event: 3.560 Thread 0x00000000176dc800 DEOPT PACKING pc=0x0000000002dad3a8 sp=0x0000000018cee690
Event: 3.560 Thread 0x00000000176dc800 DEOPT UNPACKING pc=0x0000000002b3557b sp=0x0000000018cee618 mode 2
Event: 3.584 loading class com/android/dx/rop/code/RegOps
Event: 3.584 loading class com/android/dx/rop/code/RegOps done
Event: 3.586 Thread 0x00000000177c2800 Uncommon trap: trap_request=0xffffff65 fr.pc=0x0000000002e3dcdc
Event: 3.586 Thread 0x00000000177c2800 DEOPT PACKING pc=0x0000000002e3dcdc sp=0x0000000018eee530
Event: 3.586 Thread 0x00000000177c2800 DEOPT UNPACKING pc=0x0000000002b3557b sp=0x0000000018eee4d8 mode 2


Dynamic libraries:
0x00007ff7d8c40000 - 0x00007ff7d8c71000 	C:\Program Files\Android\Android Studio\jre\bin\java.exe
0x00007ffe2f1a0000 - 0x00007ffe2f390000 	C:\Windows\SYSTEM32\ntdll.dll
0x00007ffe2d5f0000 - 0x00007ffe2d6a2000 	C:\Windows\System32\KERNEL32.DLL
0x00007ffe2cf20000 - 0x00007ffe2d1c4000 	C:\Windows\System32\KERNELBASE.dll
0x00007ffe2f080000 - 0x00007ffe2f123000 	C:\Windows\System32\ADVAPI32.dll
0x00007ffe2e540000 - 0x00007ffe2e5de000 	C:\Windows\System32\msvcrt.dll
0x00007ffe2d9b0000 - 0x00007ffe2da47000 	C:\Windows\System32\sechost.dll
0x00007ffe2d890000 - 0x00007ffe2d9b0000 	C:\Windows\System32\RPCRT4.dll
0x00007ffe2d2c0000 - 0x00007ffe2d454000 	C:\Windows\System32\USER32.dll
0x00007ffe2cec0000 - 0x00007ffe2cee1000 	C:\Windows\System32\win32u.dll
0x00007ffe2d6b0000 - 0x00007ffe2d6d6000 	C:\Windows\System32\GDI32.dll
0x00007ffe2c580000 - 0x00007ffe2c715000 	C:\Windows\System32\gdi32full.dll
0x00007ffe2c200000 - 0x00007ffe2c29e000 	C:\Windows\System32\msvcp_win.dll
0x00007ffe2c100000 - 0x00007ffe2c1fa000 	C:\Windows\System32\ucrtbase.dll
0x00007ffdf8be0000 - 0x00007ffdf8e64000 	C:\Windows\WinSxS\amd64_microsoft.windows.common-controls_6595b64144ccf1df_6.0.18362.900_none_e6beb9d913147d17\COMCTL32.dll
0x00007ffe2ec00000 - 0x00007ffe2ef35000 	C:\Windows\System32\combase.dll
0x00007ffe2c500000 - 0x00007ffe2c580000 	C:\Windows\System32\bcryptPrimitives.dll
0x00007ffe2d5c0000 - 0x00007ffe2d5ee000 	C:\Windows\System32\IMM32.DLL
0x000000006ac20000 - 0x000000006acf2000 	C:\Program Files\Android\Android Studio\jre\jre\bin\msvcr100.dll
0x000000006afc0000 - 0x000000006b806000 	C:\Program Files\Android\Android Studio\jre\jre\bin\server\jvm.dll
0x00007ffe2d7b0000 - 0x00007ffe2d7b8000 	C:\Windows\System32\PSAPI.DLL
0x00007ffe18b10000 - 0x00007ffe18b19000 	C:\Windows\SYSTEM32\WSOCK32.dll
0x00007ffe2e200000 - 0x00007ffe2e26f000 	C:\Windows\System32\WS2_32.dll
0x00007ffe25180000 - 0x00007ffe251a4000 	C:\Windows\SYSTEM32\WINMM.dll
0x00007ffe2ab50000 - 0x00007ffe2ab5a000 	C:\Windows\SYSTEM32\VERSION.dll
0x00007ffe25150000 - 0x00007ffe2517d000 	C:\Windows\SYSTEM32\WINMMBASE.dll
0x00007ffe2d1d0000 - 0x00007ffe2d21a000 	C:\Windows\System32\cfgmgr32.dll
0x00007ffe254a0000 - 0x00007ffe254af000 	C:\Program Files\Android\Android Studio\jre\jre\bin\verify.dll
0x00007ffe23fc0000 - 0x00007ffe23fe9000 	C:\Program Files\Android\Android Studio\jre\jre\bin\java.dll
0x00007ffe249e0000 - 0x00007ffe249f6000 	C:\Program Files\Android\Android Studio\jre\jre\bin\zip.dll
0x00007ffe2db10000 - 0x00007ffe2e1f6000 	C:\Windows\System32\SHELL32.dll
0x00007ffe2e380000 - 0x00007ffe2e429000 	C:\Windows\System32\shcore.dll
0x00007ffe2c740000 - 0x00007ffe2cec0000 	C:\Windows\System32\windows.storage.dll
0x00007ffe2c0d0000 - 0x00007ffe2c0f3000 	C:\Windows\System32\profapi.dll
0x00007ffe2c040000 - 0x00007ffe2c08a000 	C:\Windows\System32\powrprof.dll
0x00007ffe2c030000 - 0x00007ffe2c040000 	C:\Windows\System32\UMPDC.dll
0x00007ffe2dab0000 - 0x00007ffe2db02000 	C:\Windows\System32\shlwapi.dll
0x00007ffe2c090000 - 0x00007ffe2c0a1000 	C:\Windows\System32\kernel.appcore.dll
0x00007ffe2c720000 - 0x00007ffe2c737000 	C:\Windows\System32\cryptsp.dll

VM Arguments:
jvm_args: -Djava.awt.headless=true -Xmx1024M -Dfile.encoding=windows-1256 -Duser.country=US -Duser.language=en -Duser.variant 
java_command: com.android.dx.command.Main --dex --num-threads=4 --output D:\Laptop\Maen Naamneh\GI Projects\GalaxypharmacyApp-Sharaq\app\build\intermediates\pre-dexed\debug\ZSDK_ANDROID_API_69608b71ed59f348d802e4b31d71d19dc32ad164.jar D:\Laptop\Maen Naamneh\GI Projects\GalaxypharmacyApp-Sharaq\app\libs\ZSDK_ANDROID_API.jar
java_class_path (initial): C:\Users\LENOVO\AppData\Local\Android\sdk\build-tools\26.0.2\lib\dx.jar
Launcher Type: SUN_STANDARD

Environment Variables:
PATH=C:\Windows\system32;C:\Windows;C:\Windows\System32\Wbem;C:\Windows\System32\WindowsPowerShell\v1.0\;C:\Windows\System32\OpenSSH\;C:\Program Files (x86)\Microsoft SQL Server\140\Tools\Binn\;C:\Program Files\Microsoft SQL Server\140\Tools\Binn\;C:\Program Files (x86)\Microsoft SQL Server\140\DTS\Binn\;C:\Program Files\Microsoft SQL Server\140\DTS\Binn\;C:\Program Files\Microsoft SQL Server\Client SDK\ODBC\130\Tools\Binn\;C:\Program Files (x86)\Microsoft SQL Server\Client SDK\ODBC\130\Tools\Binn\;C:\Program Files (x86)\Microsoft SQL Server\140\Tools\Binn\ManagementStudio\;C:\Program Files\dotnet\;C:\Program Files\Microsoft SQL Server\130\Tools\Binn\;C:\Program Files\Microsoft SQL Server\Client SDK\ODBC\170\Tools\Binn\;C:\Program Files (x86)\Microsoft SQL Server\100\Tools\Binn\;C:\Program Files\Microsoft SQL Server\100\Tools\Binn\;C:\Program Files\Microsoft SQL Server\100\DTS\Binn\;C:\Program Files (x86)\Microsoft SQL Server\100\Tools\Binn\VSShell\Common7\IDE\;C:\Program Files (x86)\Microsoft Visual Studio 9.0\Common7\IDE\PrivateAssemblies\;C:\Program Files (x86)\Microsoft SQL Server\100\DTS\Binn\;C:\Program Files (x86)\Microsoft SQL Server\90\Tools\binn\;C:\Windows\system32\config\systemprofile\.dnx\bin;C:\Program Files\Microsoft DNX\Dnvm\;C:\Program Files\Git\cmd;C:\Program Files\Microsoft\Web Platform Installer\;C:\Program Files\Microsoft SQL Server\110\DTS\Binn\;C:\Program Files (x86)\Microsoft SQL Server\110\Tools\Binn\;C:\Program Files\Microsoft SQL Server\110\Tools\Binn\;C:\Program Files (x86)\Microsoft SQL Server\110\Tools\Binn\ManagementStudio\;C:\Program Files (x86)\Microsoft Visual Studio 10.0\Common7\IDE\PrivateAssemblies\;C:\Program Files (x86)\Microsoft SQL Server\110\DTS\Binn\;C:\Program Files (x86)\CrSSL\bin;C:\Program Files (x86)\CrSSL\bin;C:\Program Files (x86)\CrSSL\bin;C:\Users\LENOVO\AppData\Local\Microsoft\WindowsApps;C:\Users\LENOVO\.dotnet\tools
USERNAME=LENOVO
OS=Windows_NT
PROCESSOR_IDENTIFIER=Intel64 Family 6 Model 142 Stepping 11, GenuineIntel



---------------  S Y S T E M  ---------------

OS: Windows 10.0 , 64 bit Build 18362 (10.0.18362.900)

CPU:total 8 (initial active 8) (4 cores per cpu, 2 threads per core) family 6 model 142 stepping 11, cmov, cx8, fxsr, mmx, sse, sse2, sse3, ssse3, sse4.1, sse4.2, popcnt, avx, avx2, clmul, erms, 3dnowpref, lzcnt, ht, tsc, tscinvbit, bmi1, bmi2, adx

Memory: 4k page, physical 16615512k(3830860k free), swap 16615512k(5748k free)

vm_info: OpenJDK 64-Bit Server VM (25.202-b03) for windows-amd64 JRE (1.8.0_202-release-1483-b03), built by "builder" with MS VC++ 10.0 (VS2010)

time: Sun Jul 05 09:57:14 2020
timezone: Jordan Daylight Time
elapsed time: 3 seconds (0d 0h 0m 3s)

