#
# There is insufficient memory for the Java Runtime Environment to continue.
# Native memory allocation (malloc) failed to allocate 58416 bytes for Chunk::new
# Possible reasons:
#   The system is out of physical RAM or swap space
#   The process is running with CompressedOops enabled, and the Java Heap may be blocking the growth of the native heap
# Possible solutions:
#   Reduce memory load on the system
#   Increase physical memory or swap space
#   Check if swap backing store is full
#   Decrease Java heap size (-Xmx/-Xms)
#   Decrease number of Java threads
#   Decrease Java thread stack sizes (-Xss)
#   Set larger code cache with -XX:ReservedCodeCacheSize=
#   JVM is running with Unscaled Compressed Oops mode in which the Java heap is
#     placed in the first 4GB address space. The Java Heap base address is the
#     maximum limit for the native heap growth. Please use -XX:HeapBaseMinAddress
#     to set the Java Heap base and to place the Java Heap above 4GB virtual address.
# This output file may be truncated or incomplete.
#
#  Out of Memory Error (allocation.cpp:389), pid=20420, tid=0x0000000000004f28
#
# JRE version: OpenJDK Runtime Environment (8.0_202-b03) (build 1.8.0_202-release-1483-b03)
# Java VM: OpenJDK 64-Bit Server VM (25.202-b03 mixed mode windows-amd64 compressed oops)
# Failed to write core dump. Minidumps are not enabled by default on client versions of Windows
#

---------------  T H R E A D  ---------------

Current thread (0x00000000179d2800):  JavaThread "C2 CompilerThread1" daemon [_thread_in_native, id=20264, stack(0x00000000183d0000,0x00000000184d0000)]

Stack: [0x00000000183d0000,0x00000000184d0000]
[error occurred during error reporting (printing stack bounds), id 0xc0000005]

Native frames: (J=compiled Java code, j=interpreted, Vv=VM code, C=native code)


Current CompileTask:
C2:   2790 1031       4       com.android.dx.ssa.SsaMethod$2::addToUses (48 bytes)


---------------  P R O C E S S  ---------------

Java Threads: ( => current thread )
  0x0000000017d48800 JavaThread "pool-1-thread-4" [_thread_in_Java, id=21880, stack(0x0000000018cd0000,0x0000000018dd0000)]
  0x0000000017d42800 JavaThread "pool-1-thread-3" [_thread_in_vm, id=21976, stack(0x0000000018bd0000,0x0000000018cd0000)]
  0x0000000017ca7800 JavaThread "pool-1-thread-2" [_thread_in_Java, id=12500, stack(0x0000000018ad0000,0x0000000018bd0000)]
  0x0000000017c9f800 JavaThread "pool-2-thread-1" [_thread_blocked, id=16208, stack(0x00000000189d0000,0x0000000018ad0000)]
  0x0000000017c9f000 JavaThread "pool-1-thread-1" [_thread_in_Java, id=2912, stack(0x00000000188d0000,0x00000000189d0000)]
  0x0000000017a93000 JavaThread "Service Thread" daemon [_thread_blocked, id=12064, stack(0x00000000186d0000,0x00000000187d0000)]
  0x0000000017a52000 JavaThread "C1 CompilerThread3" daemon [_thread_blocked, id=7872, stack(0x00000000185d0000,0x00000000186d0000)]
  0x0000000017a1e000 JavaThread "C2 CompilerThread2" daemon [_thread_in_native, id=18564, stack(0x00000000184d0000,0x00000000185d0000)]
=>0x00000000179d2800 JavaThread "C2 CompilerThread1" daemon [_thread_in_native, id=20264, stack(0x00000000183d0000,0x00000000184d0000)]
  0x00000000179ce800 JavaThread "C2 CompilerThread0" daemon [_thread_blocked, id=21140, stack(0x00000000182d0000,0x00000000183d0000)]
  0x00000000179cd800 JavaThread "Attach Listener" daemon [_thread_blocked, id=3152, stack(0x00000000181d0000,0x00000000182d0000)]
  0x0000000017a1d800 JavaThread "Signal Dispatcher" daemon [_thread_blocked, id=14624, stack(0x00000000180d0000,0x00000000181d0000)]
  0x0000000015bc2000 JavaThread "Finalizer" daemon [_thread_blocked, id=13436, stack(0x0000000017ea0000,0x0000000017fa0000)]
  0x0000000003078800 JavaThread "Reference Handler" daemon [_thread_blocked, id=14952, stack(0x0000000017da0000,0x0000000017ea0000)]
  0x0000000002f82800 JavaThread "main" [_thread_blocked, id=12684, stack(0x0000000002e80000,0x0000000002f80000)]

Other Threads:
  0x0000000015bb6000 VMThread [stack: 0x00000000178a0000,0x00000000179a0000] [id=7744]
  0x0000000017a93800 WatcherThread [stack: 0x00000000187d0000,0x00000000188d0000] [id=9652]

VM state:not at safepoint (normal execution)

VM Mutex/Monitor currently owned by a thread: None

heap address: 0x00000000c0000000, size: 1024 MB, Compressed Oops mode: 32-bit
Narrow klass base: 0x0000000000000000, Narrow klass shift: 3
Compressed class space size: 1073741824 Address: 0x0000000100000000

Heap:
 PSYoungGen      total 75776K, used 27314K [0x00000000eab00000, 0x00000000eff80000, 0x0000000100000000)
  eden space 65024K, 42% used [0x00000000eab00000,0x00000000ec5acaa0,0x00000000eea80000)
  from space 10752K, 0% used [0x00000000ef500000,0x00000000ef500000,0x00000000eff80000)
  to   space 10752K, 0% used [0x00000000eea80000,0x00000000eea80000,0x00000000ef500000)
 ParOldGen       total 173568K, used 0K [0x00000000c0000000, 0x00000000ca980000, 0x00000000eab00000)
  object space 173568K, 0% used [0x00000000c0000000,0x00000000c0000000,0x00000000ca980000)
 Metaspace       used 5891K, capacity 6896K, committed 7040K, reserved 1056768K
  class space    used 574K, capacity 616K, committed 640K, reserved 1048576K

Card table byte_map: [0x0000000012440000,0x0000000012650000] byte_map_base: 0x0000000011e40000

Marking Bits: (ParMarkBitMap*) 0x000000006b789f30
 Begin Bits: [0x0000000012fb0000, 0x0000000013fb0000)
 End Bits:   [0x0000000013fb0000, 0x0000000014fb0000)

Polling page: 0x0000000001180000

CodeCache: size=245760Kb used=4102Kb max_used=4102Kb free=241657Kb
 bounds [0x0000000003080000, 0x0000000003490000, 0x0000000012080000]
 total_blobs=1303 nmethods=1033 adapters=183
 compilation: enabled

Compilation events (10 events):
Event: 2.784 Thread 0x0000000017a52000 1015       3       com.android.dx.cf.code.BasicBlocker::visitConstant (47 bytes)
Event: 2.785 Thread 0x0000000017a52000 nmethod 1015 0x000000000347e410 code [0x000000000347e5c0, 0x000000000347ed98]
Event: 2.785 Thread 0x0000000017a52000 1010       3       java.util.TreeMap$PrivateEntryIterator::nextEntry (54 bytes)
Event: 2.785 Thread 0x0000000017a52000 nmethod 1010 0x000000000347f010 code [0x000000000347f1a0, 0x000000000347f528]
Event: 2.785 Thread 0x0000000017a52000 1041       3       com.android.dx.ssa.back.FirstFitLocalCombiningAllocator::findNextUnreservedRopReg (12 bytes)
Event: 2.786 Thread 0x0000000017a52000 nmethod 1041 0x000000000347f6d0 code [0x000000000347f860, 0x000000000347fba8]
Event: 2.786 Thread 0x0000000017a52000  868       3       com.android.dx.dex.code.OutputFinisher::hasLocalInfo (75 bytes)
Event: 2.787 Thread 0x0000000017a52000 nmethod 868 0x000000000347fcd0 code [0x000000000347fee0, 0x0000000003480cd8]
Event: 2.787 Thread 0x0000000017a52000 1034       1       com.android.dx.rop.code.BasicBlockList$RegCountVisitor::getRegCount (5 bytes)
Event: 2.787 Thread 0x0000000017a52000 nmethod 1034 0x0000000003471090 code [0x00000000034711e0, 0x00000000034712f0]

GC Heap History (0 events):
No events

Deoptimization events (7 events):
Event: 0.876 Thread 0x0000000002f82800 Uncommon trap: reason=unstable_if action=reinterpret pc=0x00000000031c1894 method=java.lang.String.indexOf(II)I @ 49
Event: 1.844 Thread 0x0000000017ca7800 Uncommon trap: reason=unstable_if action=reinterpret pc=0x00000000032fd15c method=java.util.HashMap.getNode(ILjava/lang/Object;)Ljava/util/HashMap$Node; @ 129
Event: 1.956 Thread 0x0000000002f82800 Uncommon trap: reason=unstable_if action=reinterpret pc=0x000000000330bbf0 method=java.util.BitSet.nextSetBit(I)I @ 87
Event: 2.595 Thread 0x0000000017ca7800 Uncommon trap: reason=unstable_if action=reinterpret pc=0x0000000003324500 method=java.util.HashMap.getNode(ILjava/lang/Object;)Ljava/util/HashMap$Node; @ 129
Event: 2.688 Thread 0x0000000002f82800 Uncommon trap: reason=null_check action=make_not_entrant pc=0x000000000337e168 method=com.android.dx.rop.type.Type.equals(Ljava/lang/Object;)Z @ 8
Event: 2.774 Thread 0x0000000002f82800 Uncommon trap: reason=unstable_if action=reinterpret pc=0x00000000033183f4 method=java.util.BitSet.ensureCapacity(I)V @ 6
Event: 2.774 Thread 0x0000000002f82800 Uncommon trap: reason=unstable_if action=reinterpret pc=0x000000000335fb30 method=java.util.BitSet.ensureCapacity(I)V @ 6

Classes redefined (0 events):
No events

Internal exceptions (3 events):
Event: 0.082 Thread 0x0000000002f82800 Exception <a 'java/lang/NoSuchMethodError': Method sun.misc.Unsafe.defineClass(Ljava/lang/String;[BII)Ljava/lang/Class; name or signature does not match> (0x00000000eab07cb0) thrown at [D:\src\AOSP-openjdk-cygwin\jdk8u\hotspot\src\share\vm\prims\jni.cpp, 
Event: 0.083 Thread 0x0000000002f82800 Exception <a 'java/lang/NoSuchMethodError': Method sun.misc.Unsafe.prefetchRead(Ljava/lang/Object;J)V name or signature does not match> (0x00000000eab07f98) thrown at [D:\src\AOSP-openjdk-cygwin\jdk8u\hotspot\src\share\vm\prims\jni.cpp, line 4012]
Event: 2.688 Thread 0x0000000002f82800 Implicit null exception at 0x000000000337e062 to 0x000000000337e15a

Events (10 events):
Event: 2.595 Thread 0x0000000017ca7800 DEOPT UNPACKING pc=0x00000000030c557b sp=0x0000000018bcec10 mode 2
Event: 2.688 Thread 0x0000000002f82800 Uncommon trap: trap_request=0xfffffff4 fr.pc=0x000000000337e168
Event: 2.688 Thread 0x0000000002f82800 DEOPT PACKING pc=0x000000000337e168 sp=0x0000000002f7e360
Event: 2.688 Thread 0x0000000002f82800 DEOPT UNPACKING pc=0x00000000030c557b sp=0x0000000002f7e2f8 mode 2
Event: 2.773 Thread 0x0000000002f82800 Uncommon trap: trap_request=0xffffff65 fr.pc=0x00000000033183f4
Event: 2.774 Thread 0x0000000002f82800 DEOPT PACKING pc=0x00000000033183f4 sp=0x0000000002f7e540
Event: 2.774 Thread 0x0000000002f82800 DEOPT UNPACKING pc=0x00000000030c557b sp=0x0000000002f7e428 mode 2
Event: 2.774 Thread 0x0000000002f82800 Uncommon trap: trap_request=0xffffff65 fr.pc=0x000000000335fb30
Event: 2.774 Thread 0x0000000002f82800 DEOPT PACKING pc=0x000000000335fb30 sp=0x0000000002f7e4f0
Event: 2.774 Thread 0x0000000002f82800 DEOPT UNPACKING pc=0x00000000030c557b sp=0x0000000002f7e430 mode 2


Dynamic libraries:
0x00007ff7d8c40000 - 0x00007ff7d8c71000 	C:\Program Files\Android\Android Studio\jre\bin\java.exe
0x00007ffe2f1a0000 - 0x00007ffe2f390000 	C:\Windows\SYSTEM32\ntdll.dll
0x00007ffe2d5f0000 - 0x00007ffe2d6a2000 	C:\Windows\System32\KERNEL32.DLL
0x00007ffe2cf20000 - 0x00007ffe2d1c4000 	C:\Windows\System32\KERNELBASE.dll
0x00007ffe2f080000 - 0x00007ffe2f123000 	C:\Windows\System32\ADVAPI32.dll
0x00007ffe2e540000 - 0x00007ffe2e5de000 	C:\Windows\System32\msvcrt.dll
0x00007ffe2d9b0000 - 0x00007ffe2da47000 	C:\Windows\System32\sechost.dll
0x00007ffe2d890000 - 0x00007ffe2d9b0000 	C:\Windows\System32\RPCRT4.dll
0x00007ffe2d2c0000 - 0x00007ffe2d454000 	C:\Windows\System32\USER32.dll
0x00007ffe2cec0000 - 0x00007ffe2cee1000 	C:\Windows\System32\win32u.dll
0x00007ffe2d6b0000 - 0x00007ffe2d6d6000 	C:\Windows\System32\GDI32.dll
0x00007ffe2c580000 - 0x00007ffe2c715000 	C:\Windows\System32\gdi32full.dll
0x00007ffe2c200000 - 0x00007ffe2c29e000 	C:\Windows\System32\msvcp_win.dll
0x00007ffe2c100000 - 0x00007ffe2c1fa000 	C:\Windows\System32\ucrtbase.dll
0x00007ffdf8be0000 - 0x00007ffdf8e64000 	C:\Windows\WinSxS\amd64_microsoft.windows.common-controls_6595b64144ccf1df_6.0.18362.900_none_e6beb9d913147d17\COMCTL32.dll
0x00007ffe2ec00000 - 0x00007ffe2ef35000 	C:\Windows\System32\combase.dll
0x00007ffe2c500000 - 0x00007ffe2c580000 	C:\Windows\System32\bcryptPrimitives.dll
0x00007ffe2d5c0000 - 0x00007ffe2d5ee000 	C:\Windows\System32\IMM32.DLL
0x000000006ac20000 - 0x000000006acf2000 	C:\Program Files\Android\Android Studio\jre\jre\bin\msvcr100.dll
0x000000006afc0000 - 0x000000006b806000 	C:\Program Files\Android\Android Studio\jre\jre\bin\server\jvm.dll
0x00007ffe2d7b0000 - 0x00007ffe2d7b8000 	C:\Windows\System32\PSAPI.DLL
0x00007ffe25180000 - 0x00007ffe251a4000 	C:\Windows\SYSTEM32\WINMM.dll
0x00007ffe18b10000 - 0x00007ffe18b19000 	C:\Windows\SYSTEM32\WSOCK32.dll
0x00007ffe25150000 - 0x00007ffe2517d000 	C:\Windows\SYSTEM32\WINMMBASE.dll
0x00007ffe2e200000 - 0x00007ffe2e26f000 	C:\Windows\System32\WS2_32.dll
0x00007ffe2d1d0000 - 0x00007ffe2d21a000 	C:\Windows\System32\cfgmgr32.dll
0x00007ffe2ab50000 - 0x00007ffe2ab5a000 	C:\Windows\SYSTEM32\VERSION.dll
0x00007ffe254a0000 - 0x00007ffe254af000 	C:\Program Files\Android\Android Studio\jre\jre\bin\verify.dll
0x00007ffe23fc0000 - 0x00007ffe23fe9000 	C:\Program Files\Android\Android Studio\jre\jre\bin\java.dll
0x00007ffe249e0000 - 0x00007ffe249f6000 	C:\Program Files\Android\Android Studio\jre\jre\bin\zip.dll
0x00007ffe2db10000 - 0x00007ffe2e1f6000 	C:\Windows\System32\SHELL32.dll
0x00007ffe2e380000 - 0x00007ffe2e429000 	C:\Windows\System32\shcore.dll
0x00007ffe2c740000 - 0x00007ffe2cec0000 	C:\Windows\System32\windows.storage.dll
0x00007ffe2c0d0000 - 0x00007ffe2c0f3000 	C:\Windows\System32\profapi.dll
0x00007ffe2c040000 - 0x00007ffe2c08a000 	C:\Windows\System32\powrprof.dll
0x00007ffe2c030000 - 0x00007ffe2c040000 	C:\Windows\System32\UMPDC.dll
0x00007ffe2dab0000 - 0x00007ffe2db02000 	C:\Windows\System32\shlwapi.dll
0x00007ffe2c090000 - 0x00007ffe2c0a1000 	C:\Windows\System32\kernel.appcore.dll
0x00007ffe2c720000 - 0x00007ffe2c737000 	C:\Windows\System32\cryptsp.dll

VM Arguments:
jvm_args: -Djava.awt.headless=true -Xmx1024M -Dfile.encoding=windows-1256 -Duser.country=US -Duser.language=en -Duser.variant 
java_command: com.android.dx.command.Main --dex --num-threads=4 --output D:\Laptop\Maen Naamneh\GI Projects\GalaxypharmacyApp-Sharaq\app\build\intermediates\pre-dexed\debug\Sewoo_Android_1070_93dc64c28ff9e377c9b8fb26095891e99608d373.jar D:\Laptop\Maen Naamneh\GI Projects\GalaxypharmacyApp-Sharaq\app\libs\Sewoo_Android_1070.jar
java_class_path (initial): C:\Users\LENOVO\AppData\Local\Android\sdk\build-tools\26.0.2\lib\dx.jar
Launcher Type: SUN_STANDARD

Environment Variables:
PATH=C:\Windows\system32;C:\Windows;C:\Windows\System32\Wbem;C:\Windows\System32\WindowsPowerShell\v1.0\;C:\Windows\System32\OpenSSH\;C:\Program Files (x86)\Microsoft SQL Server\140\Tools\Binn\;C:\Program Files\Microsoft SQL Server\140\Tools\Binn\;C:\Program Files (x86)\Microsoft SQL Server\140\DTS\Binn\;C:\Program Files\Microsoft SQL Server\140\DTS\Binn\;C:\Program Files\Microsoft SQL Server\Client SDK\ODBC\130\Tools\Binn\;C:\Program Files (x86)\Microsoft SQL Server\Client SDK\ODBC\130\Tools\Binn\;C:\Program Files (x86)\Microsoft SQL Server\140\Tools\Binn\ManagementStudio\;C:\Program Files\dotnet\;C:\Program Files\Microsoft SQL Server\130\Tools\Binn\;C:\Program Files\Microsoft SQL Server\Client SDK\ODBC\170\Tools\Binn\;C:\Program Files (x86)\Microsoft SQL Server\100\Tools\Binn\;C:\Program Files\Microsoft SQL Server\100\Tools\Binn\;C:\Program Files\Microsoft SQL Server\100\DTS\Binn\;C:\Program Files (x86)\Microsoft SQL Server\100\Tools\Binn\VSShell\Common7\IDE\;C:\Program Files (x86)\Microsoft Visual Studio 9.0\Common7\IDE\PrivateAssemblies\;C:\Program Files (x86)\Microsoft SQL Server\100\DTS\Binn\;C:\Program Files (x86)\Microsoft SQL Server\90\Tools\binn\;C:\Windows\system32\config\systemprofile\.dnx\bin;C:\Program Files\Microsoft DNX\Dnvm\;C:\Program Files\Git\cmd;C:\Program Files\Microsoft\Web Platform Installer\;C:\Program Files\Microsoft SQL Server\110\DTS\Binn\;C:\Program Files (x86)\Microsoft SQL Server\110\Tools\Binn\;C:\Program Files\Microsoft SQL Server\110\Tools\Binn\;C:\Program Files (x86)\Microsoft SQL Server\110\Tools\Binn\ManagementStudio\;C:\Program Files (x86)\Microsoft Visual Studio 10.0\Common7\IDE\PrivateAssemblies\;C:\Program Files (x86)\Microsoft SQL Server\110\DTS\Binn\;C:\Program Files (x86)\CrSSL\bin;C:\Program Files (x86)\CrSSL\bin;C:\Program Files (x86)\CrSSL\bin;C:\Users\LENOVO\AppData\Local\Microsoft\WindowsApps;C:\Users\LENOVO\.dotnet\tools
USERNAME=LENOVO
OS=Windows_NT
PROCESSOR_IDENTIFIER=Intel64 Family 6 Model 142 Stepping 11, GenuineIntel



---------------  S Y S T E M  ---------------

OS: Windows 10.0 , 64 bit Build 18362 (10.0.18362.900)

CPU:total 8 (initial active 8) (4 cores per cpu, 2 threads per core) family 6 model 142 stepping 11, cmov, cx8, fxsr, mmx, sse, sse2, sse3, ssse3, sse4.1, sse4.2, popcnt, avx, avx2, clmul, erms, 3dnowpref, lzcnt, ht, tsc, tscinvbit, bmi1, bmi2, adx

Memory: 4k page, physical 16615512k(3623576k free), swap 16615512k(5132k free)

vm_info: OpenJDK 64-Bit Server VM (25.202-b03) for windows-amd64 JRE (1.8.0_202-release-1483-b03), built by "builder" with MS VC++ 10.0 (VS2010)

time: Sun Jul 05 10:01:33 2020
timezone: Jordan Daylight Time
elapsed time: 2 seconds (0d 0h 0m 2s)

