#
# There is insufficient memory for the Java Runtime Environment to continue.
# Native memory allocation (malloc) failed to allocate 331856 bytes for Chunk::new
# Possible reasons:
#   The system is out of physical RAM or swap space
#   The process is running with CompressedOops enabled, and the Java Heap may be blocking the growth of the native heap
# Possible solutions:
#   Reduce memory load on the system
#   Increase physical memory or swap space
#   Check if swap backing store is full
#   Decrease Java heap size (-Xmx/-Xms)
#   Decrease number of Java threads
#   Decrease Java thread stack sizes (-Xss)
#   Set larger code cache with -XX:ReservedCodeCacheSize=
#   JVM is running with Unscaled Compressed Oops mode in which the Java heap is
#     placed in the first 4GB address space. The Java Heap base address is the
#     maximum limit for the native heap growth. Please use -XX:HeapBaseMinAddress
#     to set the Java Heap base and to place the Java Heap above 4GB virtual address.
# This output file may be truncated or incomplete.
#
#  Out of Memory Error (allocation.cpp:389), pid=13076, tid=0x0000000000004dd8
#
# JRE version: OpenJDK Runtime Environment (8.0_202-b03) (build 1.8.0_202-release-1483-b03)
# Java VM: OpenJDK 64-Bit Server VM (25.202-b03 mixed mode windows-amd64 compressed oops)
# Failed to write core dump. Minidumps are not enabled by default on client versions of Windows
#

---------------  T H R E A D  ---------------

Current thread (0x00000000171f3000):  JavaThread "C2 CompilerThread1" daemon [_thread_in_native, id=19928, stack(0x0000000017bc0000,0x0000000017cc0000)]

Stack: [0x0000000017bc0000,0x0000000017cc0000]
[error occurred during error reporting (printing stack bounds), id 0xc0000005]

Native frames: (J=compiled Java code, j=interpreted, Vv=VM code, C=native code)


Current CompileTask:
C2:   2744 1197   !   4       com.android.dx.cf.code.BytecodeArray::parseInstruction (2796 bytes)


---------------  P R O C E S S  ---------------

Java Threads: ( => current thread )
  0x000000001755c800 JavaThread "pool-1-thread-4" [_thread_in_Java, id=5992, stack(0x0000000018cc0000,0x0000000018dc0000)]
  0x000000001755c000 JavaThread "pool-1-thread-3" [_thread_blocked, id=16160, stack(0x0000000018bc0000,0x0000000018cc0000)]
  0x0000000017559000 JavaThread "pool-1-thread-2" [_thread_blocked, id=13224, stack(0x0000000018ac0000,0x0000000018bc0000)]
  0x0000000017533000 JavaThread "pool-2-thread-1" [_thread_blocked, id=15436, stack(0x00000000189c0000,0x0000000018ac0000)]
  0x00000000174bf800 JavaThread "pool-1-thread-1" [_thread_in_Java, id=18444, stack(0x00000000188c0000,0x00000000189c0000)]
  0x000000001729d000 JavaThread "Service Thread" daemon [_thread_blocked, id=22356, stack(0x0000000017ec0000,0x0000000017fc0000)]
  0x000000001727e800 JavaThread "C1 CompilerThread3" daemon [_thread_in_native, id=2668, stack(0x0000000017dc0000,0x0000000017ec0000)]
  0x00000000171f9000 JavaThread "C2 CompilerThread2" daemon [_thread_in_native, id=15796, stack(0x0000000017cc0000,0x0000000017dc0000)]
=>0x00000000171f3000 JavaThread "C2 CompilerThread1" daemon [_thread_in_native, id=19928, stack(0x0000000017bc0000,0x0000000017cc0000)]
  0x00000000171f0800 JavaThread "C2 CompilerThread0" daemon [_thread_in_native, id=3616, stack(0x0000000017ac0000,0x0000000017bc0000)]
  0x00000000171ef000 JavaThread "Attach Listener" daemon [_thread_blocked, id=2824, stack(0x00000000179c0000,0x0000000017ac0000)]
  0x00000000171ee800 JavaThread "Signal Dispatcher" daemon [_thread_blocked, id=15296, stack(0x00000000178c0000,0x00000000179c0000)]
  0x00000000153dd000 JavaThread "Finalizer" daemon [_thread_blocked, id=18052, stack(0x00000000176c0000,0x00000000177c0000)]
  0x00000000171e0800 JavaThread "Reference Handler" daemon [_thread_blocked, id=22452, stack(0x00000000175c0000,0x00000000176c0000)]
  0x00000000027c2800 JavaThread "main" [_thread_blocked, id=20040, stack(0x00000000026c0000,0x00000000027c0000)]

Other Threads:
  0x00000000153d5800 VMThread [stack: 0x00000000170c0000,0x00000000171c0000] [id=5540]
  0x000000001729d800 WatcherThread [stack: 0x0000000017fc0000,0x00000000180c0000] [id=16180]

VM state:not at safepoint (normal execution)

VM Mutex/Monitor currently owned by a thread: None

heap address: 0x00000000c0000000, size: 1024 MB, Compressed Oops mode: 32-bit
Narrow klass base: 0x0000000000000000, Narrow klass shift: 3
Compressed class space size: 1073741824 Address: 0x0000000100000000

Heap:
 PSYoungGen      total 75776K, used 46821K [0x00000000eab00000, 0x00000000eff80000, 0x0000000100000000)
  eden space 65024K, 72% used [0x00000000eab00000,0x00000000ed8b9460,0x00000000eea80000)
  from space 10752K, 0% used [0x00000000ef500000,0x00000000ef500000,0x00000000eff80000)
  to   space 10752K, 0% used [0x00000000eea80000,0x00000000eea80000,0x00000000ef500000)
 ParOldGen       total 173568K, used 0K [0x00000000c0000000, 0x00000000ca980000, 0x00000000eab00000)
  object space 173568K, 0% used [0x00000000c0000000,0x00000000c0000000,0x00000000ca980000)
 Metaspace       used 6051K, capacity 7024K, committed 7296K, reserved 1056768K
  class space    used 573K, capacity 616K, committed 640K, reserved 1048576K

Card table byte_map: [0x0000000011c80000,0x0000000011e90000] byte_map_base: 0x0000000011680000

Marking Bits: (ParMarkBitMap*) 0x000000006b789f30
 Begin Bits: [0x00000000127f0000, 0x00000000137f0000)
 End Bits:   [0x00000000137f0000, 0x00000000147f0000)

Polling page: 0x0000000002490000

CodeCache: size=245760Kb used=5291Kb max_used=5291Kb free=240468Kb
 bounds [0x00000000028c0000, 0x0000000002df0000, 0x00000000118c0000]
 total_blobs=1617 nmethods=1347 adapters=183
 compilation: enabled

Compilation events (10 events):
Event: 2.716 Thread 0x000000001727e800 1332       3       com.android.dx.cf.code.Ropper::getRopMethod (64 bytes)
Event: 2.718 Thread 0x000000001727e800 nmethod 1332 0x0000000002dd5090 code [0x0000000002dd52e0, 0x0000000002dd6058]
Event: 2.718 Thread 0x000000001727e800 1334       3       com.android.dx.ssa.SsaConverter::edgeSplitPredecessors (44 bytes)
Event: 2.719 Thread 0x000000001727e800 nmethod 1334 0x0000000002dd6950 code [0x0000000002dd6b40, 0x0000000002dd74e8]
Event: 2.719 Thread 0x000000001727e800 1333       3       com.android.dx.ssa.SsaMethod::convertRopToSsaBlocks (103 bytes)
Event: 2.721 Thread 0x000000001727e800 nmethod 1333 0x0000000002dd7a50 code [0x0000000002dd7cc0, 0x0000000002dd8ec8]
Event: 2.721 Thread 0x000000001727e800 1329       3       com.android.dx.rop.cst.CstString::equals (24 bytes)
Event: 2.721 Thread 0x000000001727e800 nmethod 1329 0x0000000002dd9910 code [0x0000000002dd9a80, 0x0000000002dd9ec8]
Event: 2.721 Thread 0x000000001727e800 1328       3       com.android.dx.rop.code.PlainCstInsn::withNewRegisters (22 bytes)
Event: 2.722 Thread 0x000000001727e800 nmethod 1328 0x0000000002dd9fd0 code [0x0000000002dda140, 0x0000000002dda4e8]

GC Heap History (0 events):
No events

Deoptimization events (10 events):
Event: 0.888 Thread 0x00000000027c2800 Uncommon trap: reason=unstable_if action=reinterpret pc=0x0000000002a12454 method=java.lang.String.indexOf(II)I @ 49
Event: 1.487 Thread 0x00000000027c2800 Uncommon trap: reason=unstable_if action=reinterpret pc=0x0000000002afac78 method=java.lang.String.<init>([CII)V @ 18
Event: 1.521 Thread 0x00000000174bf800 Uncommon trap: reason=unstable_if action=reinterpret pc=0x0000000002b14834 method=java.util.BitSet.ensureCapacity(I)V @ 6
Event: 1.521 Thread 0x00000000174bf800 Uncommon trap: reason=unstable_if action=reinterpret pc=0x0000000002acb970 method=java.util.BitSet.nextSetBit(I)I @ 87
Event: 1.669 Thread 0x000000001755c800 Uncommon trap: reason=class_check action=maybe_recompile pc=0x0000000002b7ec94 method=com.android.dx.ssa.NormalSsaInsn.accept(Lcom/android/dx/ssa/SsaInsn$Visitor;)V @ 9
Event: 1.669 Thread 0x000000001755c800 Uncommon trap: reason=class_check action=maybe_recompile pc=0x0000000002b02df0 method=com.android.dx.ssa.NormalSsaInsn.accept(Lcom/android/dx/ssa/SsaInsn$Visitor;)V @ 9
Event: 1.670 Thread 0x000000001755c800 Uncommon trap: reason=class_check action=maybe_recompile pc=0x0000000002b02df0 method=com.android.dx.ssa.NormalSsaInsn.accept(Lcom/android/dx/ssa/SsaInsn$Visitor;)V @ 9
Event: 1.670 Thread 0x000000001755c800 Uncommon trap: reason=class_check action=maybe_recompile pc=0x0000000002b02df0 method=com.android.dx.ssa.NormalSsaInsn.accept(Lcom/android/dx/ssa/SsaInsn$Visitor;)V @ 9
Event: 1.674 Thread 0x000000001755c800 Uncommon trap: reason=class_check action=maybe_recompile pc=0x0000000002b7ec94 method=com.android.dx.ssa.NormalSsaInsn.accept(Lcom/android/dx/ssa/SsaInsn$Visitor;)V @ 9
Event: 2.712 Thread 0x000000001755c000 Uncommon trap: reason=unstable_if action=reinterpret pc=0x0000000002c1b2b8 method=com.android.dx.util.IntList.binarysearch(I)I @ 105

Classes redefined (0 events):
No events

Internal exceptions (2 events):
Event: 0.072 Thread 0x00000000027c2800 Exception <a 'java/lang/NoSuchMethodError': Method sun.misc.Unsafe.defineClass(Ljava/lang/String;[BII)Ljava/lang/Class; name or signature does not match> (0x00000000eab07cb0) thrown at [D:\src\AOSP-openjdk-cygwin\jdk8u\hotspot\src\share\vm\prims\jni.cpp, 
Event: 0.072 Thread 0x00000000027c2800 Exception <a 'java/lang/NoSuchMethodError': Method sun.misc.Unsafe.prefetchRead(Ljava/lang/Object;J)V name or signature does not match> (0x00000000eab07f98) thrown at [D:\src\AOSP-openjdk-cygwin\jdk8u\hotspot\src\share\vm\prims\jni.cpp, line 4012]

Events (10 events):
Event: 1.674 Thread 0x000000001755c800 DEOPT UNPACKING pc=0x000000000290557b sp=0x0000000018dbed30 mode 2
Event: 1.794 loading class java/util/DualPivotQuicksort
Event: 1.794 loading class java/util/DualPivotQuicksort done
Event: 2.424 Executing VM operation: ForceSafepoint
Event: 2.425 Executing VM operation: ForceSafepoint done
Event: 2.703 loading class com/android/dx/dex/file/FieldAnnotationStruct
Event: 2.703 loading class com/android/dx/dex/file/FieldAnnotationStruct done
Event: 2.711 Thread 0x000000001755c000 Uncommon trap: trap_request=0xffffff65 fr.pc=0x0000000002c1b2b8
Event: 2.712 Thread 0x000000001755c000 DEOPT PACKING pc=0x0000000002c1b2b8 sp=0x0000000018cbee30
Event: 2.712 Thread 0x000000001755c000 DEOPT UNPACKING pc=0x000000000290557b sp=0x0000000018cbeda8 mode 2


Dynamic libraries:
0x00007ff7d8c40000 - 0x00007ff7d8c71000 	C:\Program Files\Android\Android Studio\jre\bin\java.exe
0x00007ffe2f1a0000 - 0x00007ffe2f390000 	C:\Windows\SYSTEM32\ntdll.dll
0x00007ffe2d5f0000 - 0x00007ffe2d6a2000 	C:\Windows\System32\KERNEL32.DLL
0x00007ffe2cf20000 - 0x00007ffe2d1c4000 	C:\Windows\System32\KERNELBASE.dll
0x00007ffe2f080000 - 0x00007ffe2f123000 	C:\Windows\System32\ADVAPI32.dll
0x00007ffe2e540000 - 0x00007ffe2e5de000 	C:\Windows\System32\msvcrt.dll
0x00007ffe2d9b0000 - 0x00007ffe2da47000 	C:\Windows\System32\sechost.dll
0x00007ffe2d890000 - 0x00007ffe2d9b0000 	C:\Windows\System32\RPCRT4.dll
0x00007ffe2d2c0000 - 0x00007ffe2d454000 	C:\Windows\System32\USER32.dll
0x00007ffe2cec0000 - 0x00007ffe2cee1000 	C:\Windows\System32\win32u.dll
0x00007ffe2d6b0000 - 0x00007ffe2d6d6000 	C:\Windows\System32\GDI32.dll
0x00007ffe2c580000 - 0x00007ffe2c715000 	C:\Windows\System32\gdi32full.dll
0x00007ffe2c200000 - 0x00007ffe2c29e000 	C:\Windows\System32\msvcp_win.dll
0x00007ffe2c100000 - 0x00007ffe2c1fa000 	C:\Windows\System32\ucrtbase.dll
0x00007ffdf8be0000 - 0x00007ffdf8e64000 	C:\Windows\WinSxS\amd64_microsoft.windows.common-controls_6595b64144ccf1df_6.0.18362.900_none_e6beb9d913147d17\COMCTL32.dll
0x00007ffe2ec00000 - 0x00007ffe2ef35000 	C:\Windows\System32\combase.dll
0x00007ffe2c500000 - 0x00007ffe2c580000 	C:\Windows\System32\bcryptPrimitives.dll
0x00007ffe2d5c0000 - 0x00007ffe2d5ee000 	C:\Windows\System32\IMM32.DLL
0x000000006ac20000 - 0x000000006acf2000 	C:\Program Files\Android\Android Studio\jre\jre\bin\msvcr100.dll
0x000000006afc0000 - 0x000000006b806000 	C:\Program Files\Android\Android Studio\jre\jre\bin\server\jvm.dll
0x00007ffe2d7b0000 - 0x00007ffe2d7b8000 	C:\Windows\System32\PSAPI.DLL
0x00007ffe25180000 - 0x00007ffe251a4000 	C:\Windows\SYSTEM32\WINMM.dll
0x00007ffe2ab50000 - 0x00007ffe2ab5a000 	C:\Windows\SYSTEM32\VERSION.dll
0x00007ffe18b10000 - 0x00007ffe18b19000 	C:\Windows\SYSTEM32\WSOCK32.dll
0x00007ffe2e200000 - 0x00007ffe2e26f000 	C:\Windows\System32\WS2_32.dll
0x00007ffe25150000 - 0x00007ffe2517d000 	C:\Windows\SYSTEM32\winmmbase.dll
0x00007ffe2d1d0000 - 0x00007ffe2d21a000 	C:\Windows\System32\cfgmgr32.dll
0x00007ffe254a0000 - 0x00007ffe254af000 	C:\Program Files\Android\Android Studio\jre\jre\bin\verify.dll
0x00007ffe23fc0000 - 0x00007ffe23fe9000 	C:\Program Files\Android\Android Studio\jre\jre\bin\java.dll
0x00007ffe249e0000 - 0x00007ffe249f6000 	C:\Program Files\Android\Android Studio\jre\jre\bin\zip.dll
0x00007ffe2db10000 - 0x00007ffe2e1f6000 	C:\Windows\System32\SHELL32.dll
0x00007ffe2e380000 - 0x00007ffe2e429000 	C:\Windows\System32\shcore.dll
0x00007ffe2c740000 - 0x00007ffe2cec0000 	C:\Windows\System32\windows.storage.dll
0x00007ffe2c0d0000 - 0x00007ffe2c0f3000 	C:\Windows\System32\profapi.dll
0x00007ffe2c040000 - 0x00007ffe2c08a000 	C:\Windows\System32\powrprof.dll
0x00007ffe2c030000 - 0x00007ffe2c040000 	C:\Windows\System32\UMPDC.dll
0x00007ffe2dab0000 - 0x00007ffe2db02000 	C:\Windows\System32\shlwapi.dll
0x00007ffe2c090000 - 0x00007ffe2c0a1000 	C:\Windows\System32\kernel.appcore.dll
0x00007ffe2c720000 - 0x00007ffe2c737000 	C:\Windows\System32\cryptsp.dll

VM Arguments:
jvm_args: -Djava.awt.headless=true -Xmx1024M -Dfile.encoding=windows-1256 -Duser.country=US -Duser.language=en -Duser.variant 
java_command: com.android.dx.command.Main --dex --num-threads=4 --output D:\Laptop\Maen Naamneh\GI Projects\GalaxypharmacyApp-Sharaq\app\build\intermediates\pre-dexed\debug\ZSDK_ANDROID_API_69608b71ed59f348d802e4b31d71d19dc32ad164.jar D:\Laptop\Maen Naamneh\GI Projects\GalaxypharmacyApp-Sharaq\app\libs\ZSDK_ANDROID_API.jar
java_class_path (initial): C:\Users\LENOVO\AppData\Local\Android\sdk\build-tools\26.0.2\lib\dx.jar
Launcher Type: SUN_STANDARD

Environment Variables:
PATH=C:\Windows\system32;C:\Windows;C:\Windows\System32\Wbem;C:\Windows\System32\WindowsPowerShell\v1.0\;C:\Windows\System32\OpenSSH\;C:\Program Files (x86)\Microsoft SQL Server\140\Tools\Binn\;C:\Program Files\Microsoft SQL Server\140\Tools\Binn\;C:\Program Files (x86)\Microsoft SQL Server\140\DTS\Binn\;C:\Program Files\Microsoft SQL Server\140\DTS\Binn\;C:\Program Files\Microsoft SQL Server\Client SDK\ODBC\130\Tools\Binn\;C:\Program Files (x86)\Microsoft SQL Server\Client SDK\ODBC\130\Tools\Binn\;C:\Program Files (x86)\Microsoft SQL Server\140\Tools\Binn\ManagementStudio\;C:\Program Files\dotnet\;C:\Program Files\Microsoft SQL Server\130\Tools\Binn\;C:\Program Files\Microsoft SQL Server\Client SDK\ODBC\170\Tools\Binn\;C:\Program Files (x86)\Microsoft SQL Server\100\Tools\Binn\;C:\Program Files\Microsoft SQL Server\100\Tools\Binn\;C:\Program Files\Microsoft SQL Server\100\DTS\Binn\;C:\Program Files (x86)\Microsoft SQL Server\100\Tools\Binn\VSShell\Common7\IDE\;C:\Program Files (x86)\Microsoft Visual Studio 9.0\Common7\IDE\PrivateAssemblies\;C:\Program Files (x86)\Microsoft SQL Server\100\DTS\Binn\;C:\Program Files (x86)\Microsoft SQL Server\90\Tools\binn\;C:\Windows\system32\config\systemprofile\.dnx\bin;C:\Program Files\Microsoft DNX\Dnvm\;C:\Program Files\Git\cmd;C:\Program Files\Microsoft\Web Platform Installer\;C:\Program Files\Microsoft SQL Server\110\DTS\Binn\;C:\Program Files (x86)\Microsoft SQL Server\110\Tools\Binn\;C:\Program Files\Microsoft SQL Server\110\Tools\Binn\;C:\Program Files (x86)\Microsoft SQL Server\110\Tools\Binn\ManagementStudio\;C:\Program Files (x86)\Microsoft Visual Studio 10.0\Common7\IDE\PrivateAssemblies\;C:\Program Files (x86)\Microsoft SQL Server\110\DTS\Binn\;C:\Program Files (x86)\CrSSL\bin;C:\Program Files (x86)\CrSSL\bin;C:\Program Files (x86)\CrSSL\bin;C:\Users\LENOVO\AppData\Local\Microsoft\WindowsApps;C:\Users\LENOVO\.dotnet\tools
USERNAME=LENOVO
OS=Windows_NT
PROCESSOR_IDENTIFIER=Intel64 Family 6 Model 142 Stepping 11, GenuineIntel



---------------  S Y S T E M  ---------------

OS: Windows 10.0 , 64 bit Build 18362 (10.0.18362.900)

CPU:total 8 (initial active 8) (4 cores per cpu, 2 threads per core) family 6 model 142 stepping 11, cmov, cx8, fxsr, mmx, sse, sse2, sse3, ssse3, sse4.1, sse4.2, popcnt, avx, avx2, clmul, erms, 3dnowpref, lzcnt, ht, tsc, tscinvbit, bmi1, bmi2, adx

Memory: 4k page, physical 16615512k(3628416k free), swap 16615512k(5868k free)

vm_info: OpenJDK 64-Bit Server VM (25.202-b03) for windows-amd64 JRE (1.8.0_202-release-1483-b03), built by "builder" with MS VC++ 10.0 (VS2010)

time: Sun Jul 05 10:01:33 2020
timezone: Jordan Daylight Time
elapsed time: 2 seconds (0d 0h 0m 2s)

