#
# There is insufficient memory for the Java Runtime Environment to continue.
# Native memory allocation (malloc) failed to allocate 32744 bytes for ChunkPool::allocate
# Possible reasons:
#   The system is out of physical RAM or swap space
#   The process is running with CompressedOops enabled, and the Java Heap may be blocking the growth of the native heap
# Possible solutions:
#   Reduce memory load on the system
#   Increase physical memory or swap space
#   Check if swap backing store is full
#   Decrease Java heap size (-Xmx/-Xms)
#   Decrease number of Java threads
#   Decrease Java thread stack sizes (-Xss)
#   Set larger code cache with -XX:ReservedCodeCacheSize=
#   JVM is running with Unscaled Compressed Oops mode in which the Java heap is
#     placed in the first 4GB address space. The Java Heap base address is the
#     maximum limit for the native heap growth. Please use -XX:HeapBaseMinAddress
#     to set the Java Heap base and to place the Java Heap above 4GB virtual address.
# This output file may be truncated or incomplete.
#
#  Out of Memory Error (allocation.cpp:272), pid=19236, tid=0x0000000000002aa4
#
# JRE version: OpenJDK Runtime Environment (8.0_202-b03) (build 1.8.0_202-release-1483-b03)
# Java VM: OpenJDK 64-Bit Server VM (25.202-b03 mixed mode windows-amd64 compressed oops)
# Failed to write core dump. Minidumps are not enabled by default on client versions of Windows
#

---------------  T H R E A D  ---------------

Current thread (0x0000000017833000):  JavaThread "C2 CompilerThread1" daemon [_thread_in_native, id=10916, stack(0x0000000018220000,0x0000000018320000)]

Stack: [0x0000000018220000,0x0000000018320000]
[error occurred during error reporting (printing stack bounds), id 0xc0000005]

Native frames: (J=compiled Java code, j=interpreted, Vv=VM code, C=native code)


Current CompileTask:
C2:  11818 2776       4       com.android.dx.dex.code.StdCatchBuilder::handlersFor (216 bytes)


---------------  P R O C E S S  ---------------

Java Threads: ( => current thread )
  0x0000000017901800 JavaThread "Service Thread" daemon [_thread_blocked, id=1784, stack(0x0000000018520000,0x0000000018620000)]
  0x0000000017882000 JavaThread "C1 CompilerThread3" daemon [_thread_blocked, id=2196, stack(0x0000000018420000,0x0000000018520000)]
  0x0000000017837000 JavaThread "C2 CompilerThread2" daemon [_thread_in_native, id=19116, stack(0x0000000018320000,0x0000000018420000)]
=>0x0000000017833000 JavaThread "C2 CompilerThread1" daemon [_thread_in_native, id=10916, stack(0x0000000018220000,0x0000000018320000)]
  0x0000000017881800 JavaThread "C2 CompilerThread0" daemon [_thread_in_native, id=12524, stack(0x0000000018120000,0x0000000018220000)]
  0x0000000017880800 JavaThread "Attach Listener" daemon [_thread_blocked, id=11604, stack(0x0000000018020000,0x0000000018120000)]
  0x000000001787f800 JavaThread "Signal Dispatcher" daemon [_thread_blocked, id=18924, stack(0x0000000017f20000,0x0000000018020000)]
  0x0000000017821800 JavaThread "Finalizer" daemon [_thread_blocked, id=18604, stack(0x0000000017d00000,0x0000000017e00000)]
  0x0000000015a1b800 JavaThread "Reference Handler" daemon [_thread_blocked, id=18280, stack(0x0000000017c00000,0x0000000017d00000)]
  0x0000000002e02800 JavaThread "main" [_thread_in_Java, id=12228, stack(0x0000000002d00000,0x0000000002e00000)]

Other Threads:
  0x0000000015a16000 VMThread [stack: 0x0000000017700000,0x0000000017800000] [id=18184]
  0x0000000017908000 WatcherThread [stack: 0x0000000018620000,0x0000000018720000] [id=15036]

VM state:not at safepoint (normal execution)

VM Mutex/Monitor currently owned by a thread: None

heap address: 0x00000000c0000000, size: 1024 MB, Compressed Oops mode: 32-bit
Narrow klass base: 0x0000000000000000, Narrow klass shift: 3
Compressed class space size: 1073741824 Address: 0x0000000100000000

Heap:
 PSYoungGen      total 286720K, used 246861K [0x00000000eab00000, 0x0000000100000000, 0x0000000100000000)
  eden space 235520K, 86% used [0x00000000eab00000,0x00000000f7225bc0,0x00000000f9100000)
  from space 51200K, 83% used [0x00000000fce00000,0x00000000ff7eda00,0x0000000100000000)
  to   space 56832K, 0% used [0x00000000f9100000,0x00000000f9100000,0x00000000fc880000)
 ParOldGen       total 173568K, used 75816K [0x00000000c0000000, 0x00000000ca980000, 0x00000000eab00000)
  object space 173568K, 43% used [0x00000000c0000000,0x00000000c4a0a298,0x00000000ca980000)
 Metaspace       used 6718K, capacity 7536K, committed 7808K, reserved 1056768K
  class space    used 604K, capacity 616K, committed 640K, reserved 1048576K

Card table byte_map: [0x00000000122c0000,0x00000000124d0000] byte_map_base: 0x0000000011cc0000

Marking Bits: (ParMarkBitMap*) 0x000000006bf69f30
 Begin Bits: [0x0000000012e30000, 0x0000000013e30000)
 End Bits:   [0x0000000013e30000, 0x0000000014e30000)

Polling page: 0x0000000001440000

CodeCache: size=245760Kb used=10088Kb max_used=10088Kb free=235671Kb
 bounds [0x0000000002f00000, 0x00000000038f0000, 0x0000000011f00000]
 total_blobs=2606 nmethods=2342 adapters=177
 compilation: enabled

Compilation events (10 events):
Event: 11.768 Thread 0x0000000017882000 nmethod 2773 0x00000000038e2dd0 code [0x00000000038e2f60, 0x00000000038e3458]
Event: 11.768 Thread 0x0000000017882000 2771       1       com.android.dx.rop.cst.CstKnownNull::getIntBits (2 bytes)
Event: 11.768 Thread 0x0000000017882000 nmethod 2771 0x00000000038d2dd0 code [0x00000000038d2f20, 0x00000000038d3030]
Event: 11.789 Thread 0x0000000017833000 2776       4       com.android.dx.dex.code.StdCatchBuilder::handlersFor (216 bytes)
Event: 11.789 Thread 0x0000000017882000 2778       3       com.android.dex.Leb128::writeUnsignedLeb128 (46 bytes)
Event: 11.790 Thread 0x0000000017882000 nmethod 2778 0x00000000038e3610 code [0x00000000038e37a0, 0x00000000038e3b38]
Event: 11.790 Thread 0x0000000017882000 2777       3       com.android.dx.util.ByteArrayAnnotatedOutput::writeUleb128 (34 bytes)
Event: 11.790 Thread 0x0000000017882000 nmethod 2777 0x00000000038e3c90 code [0x00000000038e3e00, 0x00000000038e4038]
Event: 11.790 Thread 0x0000000017882000 2779       1       com.android.dx.dex.code.CatchHandlerList$Entry::getHandler (5 bytes)
Event: 11.790 Thread 0x0000000017882000 nmethod 2779 0x00000000038e4110 code [0x00000000038e4260, 0x00000000038e4370]

GC Heap History (10 events):
Event: 3.761 GC heap before
{Heap before GC invocations=2 (full 0):
 PSYoungGen      total 75776K, used 74378K [0x00000000eab00000, 0x00000000f3f00000, 0x0000000100000000)
  eden space 65024K, 100% used [0x00000000eab00000,0x00000000eea80000,0x00000000eea80000)
  from space 10752K, 87% used [0x00000000eea80000,0x00000000ef3a2ac0,0x00000000ef500000)
  to   space 10752K, 0% used [0x00000000f3480000,0x00000000f3480000,0x00000000f3f00000)
 ParOldGen       total 173568K, used 16K [0x00000000c0000000, 0x00000000ca980000, 0x00000000eab00000)
  object space 173568K, 0% used [0x00000000c0000000,0x00000000c0004000,0x00000000ca980000)
 Metaspace       used 6194K, capacity 7152K, committed 7296K, reserved 1056768K
  class space    used 581K, capacity 616K, committed 640K, reserved 1048576K
Event: 3.819 GC heap after
Heap after GC invocations=2 (full 0):
 PSYoungGen      total 140800K, used 10746K [0x00000000eab00000, 0x00000000f3f00000, 0x0000000100000000)
  eden space 130048K, 0% used [0x00000000eab00000,0x00000000eab00000,0x00000000f2a00000)
  from space 10752K, 99% used [0x00000000f3480000,0x00000000f3efea10,0x00000000f3f00000)
  to   space 10752K, 0% used [0x00000000f2a00000,0x00000000f2a00000,0x00000000f3480000)
 ParOldGen       total 173568K, used 6538K [0x00000000c0000000, 0x00000000ca980000, 0x00000000eab00000)
  object space 173568K, 3% used [0x00000000c0000000,0x00000000c0662bc8,0x00000000ca980000)
 Metaspace       used 6194K, capacity 7152K, committed 7296K, reserved 1056768K
  class space    used 581K, capacity 616K, committed 640K, reserved 1048576K
}
Event: 4.374 GC heap before
{Heap before GC invocations=3 (full 0):
 PSYoungGen      total 140800K, used 140794K [0x00000000eab00000, 0x00000000f3f00000, 0x0000000100000000)
  eden space 130048K, 100% used [0x00000000eab00000,0x00000000f2a00000,0x00000000f2a00000)
  from space 10752K, 99% used [0x00000000f3480000,0x00000000f3efea10,0x00000000f3f00000)
  to   space 10752K, 0% used [0x00000000f2a00000,0x00000000f2a00000,0x00000000f3480000)
 ParOldGen       total 173568K, used 6538K [0x00000000c0000000, 0x00000000ca980000, 0x00000000eab00000)
  object space 173568K, 3% used [0x00000000c0000000,0x00000000c0662bc8,0x00000000ca980000)
 Metaspace       used 6321K, capacity 7280K, committed 7552K, reserved 1056768K
  class space    used 586K, capacity 616K, committed 640K, reserved 1048576K
Event: 4.423 GC heap after
Heap after GC invocations=3 (full 0):
 PSYoungGen      total 140800K, used 10741K [0x00000000eab00000, 0x00000000fbe00000, 0x0000000100000000)
  eden space 130048K, 0% used [0x00000000eab00000,0x00000000eab00000,0x00000000f2a00000)
  from space 10752K, 99% used [0x00000000f2a00000,0x00000000f347d790,0x00000000f3480000)
  to   space 10752K, 0% used [0x00000000fb380000,0x00000000fb380000,0x00000000fbe00000)
 ParOldGen       total 173568K, used 22004K [0x00000000c0000000, 0x00000000ca980000, 0x00000000eab00000)
  object space 173568K, 12% used [0x00000000c0000000,0x00000000c157d0e0,0x00000000ca980000)
 Metaspace       used 6321K, capacity 7280K, committed 7552K, reserved 1056768K
  class space    used 586K, capacity 616K, committed 640K, reserved 1048576K
}
Event: 4.807 GC heap before
{Heap before GC invocations=4 (full 0):
 PSYoungGen      total 140800K, used 140789K [0x00000000eab00000, 0x00000000fbe00000, 0x0000000100000000)
  eden space 130048K, 100% used [0x00000000eab00000,0x00000000f2a00000,0x00000000f2a00000)
  from space 10752K, 99% used [0x00000000f2a00000,0x00000000f347d790,0x00000000f3480000)
  to   space 10752K, 0% used [0x00000000fb380000,0x00000000fb380000,0x00000000fbe00000)
 ParOldGen       total 173568K, used 22004K [0x00000000c0000000, 0x00000000ca980000, 0x00000000eab00000)
  object space 173568K, 12% used [0x00000000c0000000,0x00000000c157d0e0,0x00000000ca980000)
 Metaspace       used 6353K, capacity 7280K, committed 7552K, reserved 1056768K
  class space    used 586K, capacity 616K, committed 640K, reserved 1048576K
Event: 4.857 GC heap after
Heap after GC invocations=4 (full 0):
 PSYoungGen      total 270848K, used 10748K [0x00000000eab00000, 0x00000000fbe00000, 0x0000000100000000)
  eden space 260096K, 0% used [0x00000000eab00000,0x00000000eab00000,0x00000000fa900000)
  from space 10752K, 99% used [0x00000000fb380000,0x00000000fbdff0f8,0x00000000fbe00000)
  to   space 10752K, 0% used [0x00000000fa900000,0x00000000fa900000,0x00000000fb380000)
 ParOldGen       total 173568K, used 39373K [0x00000000c0000000, 0x00000000ca980000, 0x00000000eab00000)
  object space 173568K, 22% used [0x00000000c0000000,0x00000000c2673560,0x00000000ca980000)
 Metaspace       used 6353K, capacity 7280K, committed 7552K, reserved 1056768K
  class space    used 586K, capacity 616K, committed 640K, reserved 1048576K
}
Event: 5.389 GC heap before
{Heap before GC invocations=5 (full 0):
 PSYoungGen      total 270848K, used 270844K [0x00000000eab00000, 0x00000000fbe00000, 0x0000000100000000)
  eden space 260096K, 100% used [0x00000000eab00000,0x00000000fa900000,0x00000000fa900000)
  from space 10752K, 99% used [0x00000000fb380000,0x00000000fbdff0f8,0x00000000fbe00000)
  to   space 10752K, 0% used [0x00000000fa900000,0x00000000fa900000,0x00000000fb380000)
 ParOldGen       total 173568K, used 39373K [0x00000000c0000000, 0x00000000ca980000, 0x00000000eab00000)
  object space 173568K, 22% used [0x00000000c0000000,0x00000000c2673560,0x00000000ca980000)
 Metaspace       used 6360K, capacity 7280K, committed 7552K, reserved 1056768K
  class space    used 586K, capacity 616K, committed 640K, reserved 1048576K
Event: 5.476 GC heap after
Heap after GC invocations=5 (full 0):
 PSYoungGen      total 270848K, used 10747K [0x00000000eab00000, 0x0000000100000000, 0x0000000100000000)
  eden space 260096K, 0% used [0x00000000eab00000,0x00000000eab00000,0x00000000fa900000)
  from space 10752K, 99% used [0x00000000fa900000,0x00000000fb37ee80,0x00000000fb380000)
  to   space 51200K, 0% used [0x00000000fce00000,0x00000000fce00000,0x0000000100000000)
 ParOldGen       total 173568K, used 75816K [0x00000000c0000000, 0x00000000ca980000, 0x00000000eab00000)
  object space 173568K, 43% used [0x00000000c0000000,0x00000000c4a0a298,0x00000000ca980000)
 Metaspace       used 6360K, capacity 7280K, committed 7552K, reserved 1056768K
  class space    used 586K, capacity 616K, committed 640K, reserved 1048576K
}
Event: 6.969 GC heap before
{Heap before GC invocations=6 (full 0):
 PSYoungGen      total 270848K, used 270843K [0x00000000eab00000, 0x0000000100000000, 0x0000000100000000)
  eden space 260096K, 100% used [0x00000000eab00000,0x00000000fa900000,0x00000000fa900000)
  from space 10752K, 99% used [0x00000000fa900000,0x00000000fb37ee80,0x00000000fb380000)
  to   space 51200K, 0% used [0x00000000fce00000,0x00000000fce00000,0x0000000100000000)
 ParOldGen       total 173568K, used 75816K [0x00000000c0000000, 0x00000000ca980000, 0x00000000eab00000)
  object space 173568K, 43% used [0x00000000c0000000,0x00000000c4a0a298,0x00000000ca980000)
 Metaspace       used 6374K, capacity 7280K, committed 7552K, reserved 1056768K
  class space    used 586K, capacity 616K, committed 640K, reserved 1048576K
Event: 7.079 GC heap after
Heap after GC invocations=6 (full 0):
 PSYoungGen      total 286720K, used 42934K [0x00000000eab00000, 0x0000000100000000, 0x0000000100000000)
  eden space 235520K, 0% used [0x00000000eab00000,0x00000000eab00000,0x00000000f9100000)
  from space 51200K, 83% used [0x00000000fce00000,0x00000000ff7eda00,0x0000000100000000)
  to   space 56832K, 0% used [0x00000000f9100000,0x00000000f9100000,0x00000000fc880000)
 ParOldGen       total 173568K, used 75816K [0x00000000c0000000, 0x00000000ca980000, 0x00000000eab00000)
  object space 173568K, 43% used [0x00000000c0000000,0x00000000c4a0a298,0x00000000ca980000)
 Metaspace       used 6374K, capacity 7280K, committed 7552K, reserved 1056768K
  class space    used 586K, capacity 616K, committed 640K, reserved 1048576K
}

Deoptimization events (10 events):
Event: 11.308 Thread 0x0000000002e02800 Uncommon trap: reason=speculate_class_check action=maybe_recompile pc=0x00000000033302fc method=com.android.dx.util.FixedSizeList.equals(Ljava/lang/Object;)Z @ 25
Event: 11.308 Thread 0x0000000002e02800 Uncommon trap: reason=class_check action=maybe_recompile pc=0x000000000332c28c method=java.util.Arrays.equals([Ljava/lang/Object;[Ljava/lang/Object;)Z @ 62
Event: 11.308 Thread 0x0000000002e02800 Uncommon trap: reason=speculate_class_check action=maybe_recompile pc=0x00000000033302fc method=com.android.dx.util.FixedSizeList.equals(Ljava/lang/Object;)Z @ 25
Event: 11.308 Thread 0x0000000002e02800 Uncommon trap: reason=class_check action=maybe_recompile pc=0x000000000332c28c method=java.util.Arrays.equals([Ljava/lang/Object;[Ljava/lang/Object;)Z @ 62
Event: 11.308 Thread 0x0000000002e02800 Uncommon trap: reason=speculate_class_check action=maybe_recompile pc=0x00000000033302fc method=com.android.dx.util.FixedSizeList.equals(Ljava/lang/Object;)Z @ 25
Event: 11.309 Thread 0x0000000002e02800 Uncommon trap: reason=class_check action=maybe_recompile pc=0x000000000332c28c method=java.util.Arrays.equals([Ljava/lang/Object;[Ljava/lang/Object;)Z @ 62
Event: 11.339 Thread 0x0000000002e02800 Uncommon trap: reason=unstable_if action=reinterpret pc=0x0000000003162c58 method=java.util.TreeMap.put(Ljava/lang/Object;Ljava/lang/Object;)Ljava/lang/Object; @ 163
Event: 11.367 Thread 0x0000000002e02800 Uncommon trap: reason=unstable_if action=reinterpret pc=0x00000000034908d0 method=com.android.dx.dex.code.LocalList$MakeState.snapshot(ILcom/android/dx/rop/code/RegisterSpecSet;)V @ 86
Event: 11.764 Thread 0x0000000002e02800 Uncommon trap: reason=unstable_if action=reinterpret pc=0x000000000389c02c method=com.android.dx.dex.code.LocalList$MakeState.filterSpec(Lcom/android/dx/rop/code/RegisterSpec;)Lcom/android/dx/rop/code/RegisterSpec; @ 11
Event: 11.764 Thread 0x0000000002e02800 Uncommon trap: reason=unstable_if action=reinterpret pc=0x000000000348b968 method=com.android.dx.dex.code.LocalList$MakeState.filterSpec(Lcom/android/dx/rop/code/RegisterSpec;)Lcom/android/dx/rop/code/RegisterSpec; @ 11

Classes redefined (0 events):
No events

Internal exceptions (6 events):
Event: 0.031 Thread 0x0000000002e02800 Exception <a 'java/lang/NoSuchMethodError': Method sun.misc.Unsafe.defineClass(Ljava/lang/String;[BII)Ljava/lang/Class; name or signature does not match> (0x00000000eab07cb0) thrown at [D:\src\AOSP-openjdk-cygwin\jdk8u\hotspot\src\share\vm\prims\jni.cpp, 
Event: 0.032 Thread 0x0000000002e02800 Exception <a 'java/lang/NoSuchMethodError': Method sun.misc.Unsafe.prefetchRead(Ljava/lang/Object;J)V name or signature does not match> (0x00000000eab07f98) thrown at [D:\src\AOSP-openjdk-cygwin\jdk8u\hotspot\src\share\vm\prims\jni.cpp, line 4012]
Event: 1.550 Thread 0x0000000017b01800 Implicit null exception at 0x0000000003235a62 to 0x0000000003235b69
Event: 3.403 Thread 0x0000000017af8800 Exception <a 'java/lang/ArrayIndexOutOfBoundsException': 18> (0x00000000eced1ae8) thrown at [D:\src\AOSP-openjdk-cygwin\jdk8u\hotspot\src\share\vm\interpreter\interpreterRuntime.cpp, line 368]
Event: 3.403 Thread 0x0000000017af8800 Exception <a 'java/lang/ArrayIndexOutOfBoundsException': 145> (0x00000000eced3668) thrown at [D:\src\AOSP-openjdk-cygwin\jdk8u\hotspot\src\share\vm\interpreter\interpreterRuntime.cpp, line 368]
Event: 3.404 Thread 0x0000000017af8800 Exception <a 'java/lang/ArrayIndexOutOfBoundsException'> (0x00000000eced4950) thrown at [D:\src\AOSP-openjdk-cygwin\jdk8u\hotspot\src\share\vm\runtime\sharedRuntime.cpp, line 605]

Events (10 events):
Event: 11.523 Thread 0x0000000002e02800 DEOPT PACKING pc=0x00000000034978fe sp=0x0000000002dff0a0
Event: 11.523 Thread 0x0000000002e02800 DEOPT UNPACKING pc=0x0000000002f475d0 sp=0x0000000002dfedf8 mode 0
Event: 11.764 Thread 0x0000000002e02800 Uncommon trap: trap_request=0xffffff65 fr.pc=0x000000000389c02c
Event: 11.764 Thread 0x0000000002e02800 DEOPT PACKING pc=0x000000000389c02c sp=0x0000000002dfefe0
Event: 11.764 Thread 0x0000000002e02800 DEOPT UNPACKING pc=0x0000000002f4557b sp=0x0000000002dfef60 mode 2
Event: 11.764 Thread 0x0000000002e02800 Uncommon trap: trap_request=0xffffff65 fr.pc=0x000000000348b968
Event: 11.764 Thread 0x0000000002e02800 DEOPT PACKING pc=0x000000000348b968 sp=0x0000000002dfefb0
Event: 11.764 Thread 0x0000000002e02800 DEOPT UNPACKING pc=0x0000000002f4557b sp=0x0000000002dfef50 mode 2
Event: 11.766 Thread 0x0000000002e02800 DEOPT PACKING pc=0x000000000367a6c9 sp=0x0000000002dff080
Event: 11.766 Thread 0x0000000002e02800 DEOPT UNPACKING pc=0x0000000002f475d0 sp=0x0000000002dfedd0 mode 0


Dynamic libraries:
0x00007ff7d45a0000 - 0x00007ff7d45d1000 	C:\Program Files\Android\Android Studio\jre\bin\java.exe
0x00007ff9adea0000 - 0x00007ff9ae090000 	C:\Windows\SYSTEM32\ntdll.dll
0x00007ff9ad0c0000 - 0x00007ff9ad172000 	C:\Windows\System32\KERNEL32.DLL
0x00007ff9ab770000 - 0x00007ff9aba14000 	C:\Windows\System32\KERNELBASE.dll
0x00007ff9ad670000 - 0x00007ff9ad713000 	C:\Windows\System32\ADVAPI32.dll
0x00007ff9acc80000 - 0x00007ff9acd1e000 	C:\Windows\System32\msvcrt.dll
0x00007ff9ad560000 - 0x00007ff9ad5f7000 	C:\Windows\System32\sechost.dll
0x00007ff9add10000 - 0x00007ff9ade30000 	C:\Windows\System32\RPCRT4.dll
0x00007ff9adb70000 - 0x00007ff9add05000 	C:\Windows\System32\USER32.dll
0x00007ff9abe70000 - 0x00007ff9abe91000 	C:\Windows\System32\win32u.dll
0x00007ff9abf20000 - 0x00007ff9abf46000 	C:\Windows\System32\GDI32.dll
0x00007ff9abc00000 - 0x00007ff9abd96000 	C:\Windows\System32\gdi32full.dll
0x00007ff9aaef0000 - 0x00007ff9aaf8e000 	C:\Windows\System32\msvcp_win.dll
0x00007ff9aadf0000 - 0x00007ff9aaeea000 	C:\Windows\System32\ucrtbase.dll
0x00007ff98ff80000 - 0x00007ff990204000 	C:\Windows\WinSxS\amd64_microsoft.windows.common-controls_6595b64144ccf1df_6.0.18362.1016_none_9e7a36bbe461dae4\COMCTL32.dll
0x00007ff9acd20000 - 0x00007ff9ad055000 	C:\Windows\System32\combase.dll
0x00007ff9abea0000 - 0x00007ff9abf20000 	C:\Windows\System32\bcryptPrimitives.dll
0x00007ff9ad380000 - 0x00007ff9ad3ae000 	C:\Windows\System32\IMM32.DLL
0x000000006b6c0000 - 0x000000006b792000 	C:\Program Files\Android\Android Studio\jre\jre\bin\msvcr100.dll
0x000000006b7a0000 - 0x000000006bfe6000 	C:\Program Files\Android\Android Studio\jre\jre\bin\server\jvm.dll
0x00007ff9ac650000 - 0x00007ff9ac658000 	C:\Windows\System32\PSAPI.DLL
0x00007ff9a7310000 - 0x00007ff9a7334000 	C:\Windows\SYSTEM32\WINMM.dll
0x00007ff9a0e50000 - 0x00007ff9a0e5a000 	C:\Windows\SYSTEM32\VERSION.dll
0x00007ff9a7530000 - 0x00007ff9a7539000 	C:\Windows\SYSTEM32\WSOCK32.dll
0x00007ff9ad4f0000 - 0x00007ff9ad55f000 	C:\Windows\System32\WS2_32.dll
0x00007ff9a72c0000 - 0x00007ff9a72ed000 	C:\Windows\SYSTEM32\winmmbase.dll
0x00007ff9aaf90000 - 0x00007ff9aafda000 	C:\Windows\System32\cfgmgr32.dll
0x00007ff9a7590000 - 0x00007ff9a759f000 	C:\Program Files\Android\Android Studio\jre\jre\bin\verify.dll
0x00007ff99fd90000 - 0x00007ff99fdb9000 	C:\Program Files\Android\Android Studio\jre\jre\bin\java.dll
0x00007ff99fc30000 - 0x00007ff99fc46000 	C:\Program Files\Android\Android Studio\jre\jre\bin\zip.dll
0x00007ff9abf60000 - 0x00007ff9ac647000 	C:\Windows\System32\SHELL32.dll
0x00007ff9ad2d0000 - 0x00007ff9ad379000 	C:\Windows\System32\shcore.dll
0x00007ff9aafe0000 - 0x00007ff9ab762000 	C:\Windows\System32\windows.storage.dll
0x00007ff9aad30000 - 0x00007ff9aad53000 	C:\Windows\System32\profapi.dll
0x00007ff9aad60000 - 0x00007ff9aadaa000 	C:\Windows\System32\powrprof.dll
0x00007ff9aad20000 - 0x00007ff9aad30000 	C:\Windows\System32\UMPDC.dll
0x00007ff9ada90000 - 0x00007ff9adae2000 	C:\Windows\System32\shlwapi.dll
0x00007ff9aadb0000 - 0x00007ff9aadc1000 	C:\Windows\System32\kernel.appcore.dll
0x00007ff9abda0000 - 0x00007ff9abdb7000 	C:\Windows\System32\cryptsp.dll

VM Arguments:
jvm_args: -Djava.awt.headless=true -Xmx1024M -Dfile.encoding=windows-1256 -Duser.country=US -Duser.language=en -Duser.variant 
java_command: com.android.dx.command.Main --dex --force-jumbo --num-threads=4 --output D:\Laptop\Maen Naamneh\GI Projects\GalaxypharmacyApp-Sharaq\app\build\intermediates\pre-dexed\debug\debug_d4cd44eee934f7a13d705d48f4faa1a92f96fadf.jar D:\Laptop\Maen Naamneh\GI Projects\GalaxypharmacyApp-Sharaq\app\build\intermediates\classes\debug
java_class_path (initial): C:\Users\LENOVO\AppData\Local\Android\sdk\build-tools\26.0.2\lib\dx.jar
Launcher Type: SUN_STANDARD

Environment Variables:
PATH=C:\Windows\system32;C:\Windows;C:\Windows\System32\Wbem;C:\Windows\System32\WindowsPowerShell\v1.0\;C:\Windows\System32\OpenSSH\;C:\Program Files (x86)\Microsoft SQL Server\140\Tools\Binn\;C:\Program Files\Microsoft SQL Server\140\Tools\Binn\;C:\Program Files (x86)\Microsoft SQL Server\140\DTS\Binn\;C:\Program Files\Microsoft SQL Server\140\DTS\Binn\;C:\Program Files\Microsoft SQL Server\Client SDK\ODBC\130\Tools\Binn\;C:\Program Files (x86)\Microsoft SQL Server\Client SDK\ODBC\130\Tools\Binn\;C:\Program Files (x86)\Microsoft SQL Server\140\Tools\Binn\ManagementStudio\;C:\Program Files\dotnet\;C:\Program Files\Microsoft SQL Server\130\Tools\Binn\;C:\Program Files\Microsoft SQL Server\Client SDK\ODBC\170\Tools\Binn\;C:\Program Files (x86)\Microsoft SQL Server\100\Tools\Binn\;C:\Program Files\Microsoft SQL Server\100\Tools\Binn\;C:\Program Files\Microsoft SQL Server\100\DTS\Binn\;C:\Program Files (x86)\Microsoft SQL Server\100\Tools\Binn\VSShell\Common7\IDE\;C:\Program Files (x86)\Microsoft Visual Studio 9.0\Common7\IDE\PrivateAssemblies\;C:\Program Files (x86)\Microsoft SQL Server\100\DTS\Binn\;C:\Program Files (x86)\Microsoft SQL Server\90\Tools\binn\;C:\Windows\system32\config\systemprofile\.dnx\bin;C:\Program Files\Microsoft DNX\Dnvm\;C:\Program Files\Git\cmd;C:\Program Files\Microsoft\Web Platform Installer\;C:\Program Files\Microsoft SQL Server\110\DTS\Binn\;C:\Program Files (x86)\Microsoft SQL Server\110\Tools\Binn\;C:\Program Files\Microsoft SQL Server\110\Tools\Binn\;C:\Program Files (x86)\Microsoft SQL Server\110\Tools\Binn\ManagementStudio\;C:\Program Files (x86)\Microsoft Visual Studio 10.0\Common7\IDE\PrivateAssemblies\;C:\Program Files (x86)\Microsoft SQL Server\110\DTS\Binn\;C:\Program Files (x86)\CrSSL\bin;C:\Program Files (x86)\CrSSL\bin;C:\Program Files (x86)\CrSSL\bin;C:\Users\LENOVO\AppData\Local\Microsoft\WindowsApps;C:\Users\LENOVO\.dotnet\tools
USERNAME=LENOVO
OS=Windows_NT
PROCESSOR_IDENTIFIER=Intel64 Family 6 Model 142 Stepping 11, GenuineIntel



---------------  S Y S T E M  ---------------

OS: Windows 10.0 , 64 bit Build 18362 (10.0.18362.959)

CPU:total 8 (initial active 8) (4 cores per cpu, 2 threads per core) family 6 model 142 stepping 11, cmov, cx8, fxsr, mmx, sse, sse2, sse3, ssse3, sse4.1, sse4.2, popcnt, avx, avx2, clmul, erms, 3dnowpref, lzcnt, ht, tsc, tscinvbit, bmi1, bmi2, adx

Memory: 4k page, physical 16615512k(4126800k free), swap 16615512k(5560k free)

vm_info: OpenJDK 64-Bit Server VM (25.202-b03) for windows-amd64 JRE (1.8.0_202-release-1483-b03), built by "builder" with MS VC++ 10.0 (VS2010)

time: Sun Aug 30 16:35:11 2020
timezone: Jordan Daylight Time
elapsed time: 11 seconds (0d 0h 0m 11s)

