#
# There is insufficient memory for the Java Runtime Environment to continue.
# Native memory allocation (malloc) failed to allocate 236256 bytes for Chunk::new
# Possible reasons:
#   The system is out of physical RAM or swap space
#   The process is running with CompressedOops enabled, and the Java Heap may be blocking the growth of the native heap
# Possible solutions:
#   Reduce memory load on the system
#   Increase physical memory or swap space
#   Check if swap backing store is full
#   Decrease Java heap size (-Xmx/-Xms)
#   Decrease number of Java threads
#   Decrease Java thread stack sizes (-Xss)
#   Set larger code cache with -XX:ReservedCodeCacheSize=
#   JVM is running with Unscaled Compressed Oops mode in which the Java heap is
#     placed in the first 4GB address space. The Java Heap base address is the
#     maximum limit for the native heap growth. Please use -XX:HeapBaseMinAddress
#     to set the Java Heap base and to place the Java Heap above 4GB virtual address.
# This output file may be truncated or incomplete.
#
#  Out of Memory Error (allocation.cpp:389), pid=16832, tid=0x000000000000472c
#
# JRE version: OpenJDK Runtime Environment (8.0_202-b03) (build 1.8.0_202-release-1483-b03)
# Java VM: OpenJDK 64-Bit Server VM (25.202-b03 mixed mode windows-amd64 compressed oops)
# Failed to write core dump. Minidumps are not enabled by default on client versions of Windows
#

---------------  T H R E A D  ---------------

Current thread (0x00000000178b9000):  JavaThread "C2 CompilerThread2" daemon [_thread_in_native, id=18220, stack(0x00000000182f0000,0x00000000183f0000)]

Stack: [0x00000000182f0000,0x00000000183f0000]
[error occurred during error reporting (printing stack bounds), id 0xc0000005]

Native frames: (J=compiled Java code, j=interpreted, Vv=VM code, C=native code)


Current CompileTask:
C2:   1822 1115 %     4       com.android.dx.ssa.SsaMethod::deleteInsns @ 42 (239 bytes)


---------------  P R O C E S S  ---------------

Java Threads: ( => current thread )
  0x0000000018a36800 JavaThread "pool-1-thread-4" [_thread_blocked, id=12556, stack(0x00000000192f0000,0x00000000193f0000)]
  0x00000000189f8800 JavaThread "pool-1-thread-3" [_thread_in_Java, id=20764, stack(0x00000000191f0000,0x00000000192f0000)]
  0x0000000017afd800 JavaThread "pool-1-thread-2" [_thread_in_Java, id=208, stack(0x00000000188f0000,0x00000000189f0000)]
  0x0000000017af6000 JavaThread "pool-2-thread-1" [_thread_blocked, id=1988, stack(0x00000000187f0000,0x00000000188f0000)]
  0x0000000017af0800 JavaThread "pool-1-thread-1" [_thread_in_Java, id=4508, stack(0x00000000186f0000,0x00000000187f0000)]
  0x00000000178cd800 JavaThread "Service Thread" daemon [_thread_blocked, id=15064, stack(0x00000000184f0000,0x00000000185f0000)]
  0x00000000178c1000 JavaThread "C1 CompilerThread3" daemon [_thread_blocked, id=2396, stack(0x00000000183f0000,0x00000000184f0000)]
=>0x00000000178b9000 JavaThread "C2 CompilerThread2" daemon [_thread_in_native, id=18220, stack(0x00000000182f0000,0x00000000183f0000)]
  0x00000000178a6000 JavaThread "C2 CompilerThread1" daemon [_thread_in_native, id=3040, stack(0x00000000181f0000,0x00000000182f0000)]
  0x000000001781f000 JavaThread "C2 CompilerThread0" daemon [_thread_in_native, id=5160, stack(0x00000000180f0000,0x00000000181f0000)]
  0x000000001781d800 JavaThread "Attach Listener" daemon [_thread_blocked, id=7312, stack(0x0000000017ff0000,0x00000000180f0000)]
  0x000000001786d800 JavaThread "Signal Dispatcher" daemon [_thread_blocked, id=12356, stack(0x0000000017ef0000,0x0000000017ff0000)]
  0x00000000159f2000 JavaThread "Finalizer" daemon [_thread_blocked, id=9012, stack(0x0000000017cf0000,0x0000000017df0000)]
  0x0000000002ec8800 JavaThread "Reference Handler" daemon [_thread_blocked, id=14244, stack(0x0000000017bf0000,0x0000000017cf0000)]
  0x0000000002dd2800 JavaThread "main" [_thread_in_Java, id=3316, stack(0x0000000002c30000,0x0000000002d30000)]

Other Threads:
  0x00000000159e6000 VMThread [stack: 0x00000000176f0000,0x00000000177f0000] [id=18304]
  0x00000000178ce000 WatcherThread [stack: 0x00000000185f0000,0x00000000186f0000] [id=10076]

VM state:not at safepoint (normal execution)

VM Mutex/Monitor currently owned by a thread: None

heap address: 0x00000000c0000000, size: 1024 MB, Compressed Oops mode: 32-bit
Narrow klass base: 0x0000000000000000, Narrow klass shift: 3
Compressed class space size: 1073741824 Address: 0x0000000100000000

Heap:
 PSYoungGen      total 75776K, used 32516K [0x00000000eab00000, 0x00000000eff80000, 0x0000000100000000)
  eden space 65024K, 50% used [0x00000000eab00000,0x00000000ecac11e0,0x00000000eea80000)
  from space 10752K, 0% used [0x00000000ef500000,0x00000000ef500000,0x00000000eff80000)
  to   space 10752K, 0% used [0x00000000eea80000,0x00000000eea80000,0x00000000ef500000)
 ParOldGen       total 173568K, used 0K [0x00000000c0000000, 0x00000000ca980000, 0x00000000eab00000)
  object space 173568K, 0% used [0x00000000c0000000,0x00000000c0000000,0x00000000ca980000)
 Metaspace       used 5984K, capacity 6960K, committed 7040K, reserved 1056768K
  class space    used 579K, capacity 616K, committed 640K, reserved 1048576K

Card table byte_map: [0x0000000012290000,0x00000000124a0000] byte_map_base: 0x0000000011c90000

Marking Bits: (ParMarkBitMap*) 0x000000006b789f30
 Begin Bits: [0x0000000012e00000, 0x0000000013e00000)
 End Bits:   [0x0000000013e00000, 0x0000000014e00000)

Polling page: 0x00000000013a0000

CodeCache: size=245760Kb used=4576Kb max_used=4576Kb free=241183Kb
 bounds [0x0000000002ed0000, 0x0000000003350000, 0x0000000011ed0000]
 total_blobs=1406 nmethods=1135 adapters=184
 compilation: enabled

Compilation events (10 events):
Event: 1.819 Thread 0x00000000178c1000 1135       1       com.android.dx.cf.code.Ropper::access$700 (5 bytes)
Event: 1.819 Thread 0x00000000178c1000 nmethod 1135 0x000000000334b110 code [0x000000000334b260, 0x000000000334b350]
Event: 1.819 Thread 0x00000000178c1000 1137       1       com.android.dx.cf.attrib.AttLineNumberTable::getLineNumbers (5 bytes)
Event: 1.819 Thread 0x00000000178c1000 nmethod 1137 0x000000000334b3d0 code [0x000000000334b520, 0x000000000334b630]
Event: 1.819 Thread 0x00000000178c1000 1129       1       com.android.dx.ssa.back.FirstFitLocalCombiningAllocator::wantsParamsMovedHigh (2 bytes)
Event: 1.819 Thread 0x00000000178c1000 nmethod 1129 0x000000000334b690 code [0x000000000334b7e0, 0x000000000334b8f0]
Event: 1.819 Thread 0x00000000178c1000 1141       1       com.android.dx.cf.attrib.BaseLocalVariables::getLocalVariables (5 bytes)
Event: 1.819 Thread 0x00000000178c1000 nmethod 1141 0x000000000334b950 code [0x000000000334baa0, 0x000000000334bbb0]
Event: 1.819 Thread 0x00000000178c1000 1143       1       com.android.dx.rop.code.DexTranslationAdvice::getMaxOptimalRegisterCount (3 bytes)
Event: 1.819 Thread 0x00000000178c1000 nmethod 1143 0x000000000334bfd0 code [0x000000000334c120, 0x000000000334c230]

GC Heap History (0 events):
No events

Deoptimization events (9 events):
Event: 1.025 Thread 0x0000000017af0800 Uncommon trap: reason=unstable_if action=reinterpret pc=0x00000000030eccf4 method=java.util.BitSet.ensureCapacity(I)V @ 6
Event: 1.314 Thread 0x0000000002dd2800 Uncommon trap: reason=null_check action=make_not_entrant pc=0x00000000031e2d14 method=com.android.dx.ssa.SsaRenamer.getLocalForNewReg(I)Lcom/android/dx/rop/code/LocalItem; @ 19
Event: 1.387 Thread 0x0000000017af0800 Uncommon trap: reason=unstable_if action=reinterpret pc=0x0000000003147da4 method=com.android.dx.rop.code.RegisterSpec.equals(ILcom/android/dx/rop/type/TypeBearer;Lcom/android/dx/rop/code/LocalItem;)Z @ 42
Event: 1.391 Thread 0x0000000017af0800 Uncommon trap: reason=unstable_if action=reinterpret pc=0x00000000031a1984 method=com.android.dx.ssa.SsaRenamer$BlockRenamer.addMapping(ILcom/android/dx/rop/code/RegisterSpec;)V @ 120
Event: 1.393 Thread 0x0000000017af0800 Uncommon trap: reason=class_check action=maybe_recompile pc=0x000000000312b270 method=com.android.dx.ssa.NormalSsaInsn.accept(Lcom/android/dx/ssa/SsaInsn$Visitor;)V @ 9
Event: 1.393 Thread 0x0000000017af0800 Uncommon trap: reason=class_check action=maybe_recompile pc=0x000000000312b270 method=com.android.dx.ssa.NormalSsaInsn.accept(Lcom/android/dx/ssa/SsaInsn$Visitor;)V @ 9
Event: 1.393 Thread 0x0000000017af0800 Uncommon trap: reason=class_check action=maybe_recompile pc=0x000000000312b270 method=com.android.dx.ssa.NormalSsaInsn.accept(Lcom/android/dx/ssa/SsaInsn$Visitor;)V @ 9
Event: 1.394 Thread 0x0000000017af0800 Uncommon trap: reason=class_check action=maybe_recompile pc=0x000000000312b270 method=com.android.dx.ssa.NormalSsaInsn.accept(Lcom/android/dx/ssa/SsaInsn$Visitor;)V @ 9
Event: 1.413 Thread 0x0000000017af0800 Uncommon trap: reason=class_check action=maybe_recompile pc=0x00000000032516d0 method=com.android.dx.ssa.NormalSsaInsn.accept(Lcom/android/dx/ssa/SsaInsn$Visitor;)V @ 9

Classes redefined (0 events):
No events

Internal exceptions (3 events):
Event: 0.081 Thread 0x0000000002dd2800 Exception <a 'java/lang/NoSuchMethodError': Method sun.misc.Unsafe.defineClass(Ljava/lang/String;[BII)Ljava/lang/Class; name or signature does not match> (0x00000000eab07cb0) thrown at [D:\src\AOSP-openjdk-cygwin\jdk8u\hotspot\src\share\vm\prims\jni.cpp, 
Event: 0.081 Thread 0x0000000002dd2800 Exception <a 'java/lang/NoSuchMethodError': Method sun.misc.Unsafe.prefetchRead(Ljava/lang/Object;J)V name or signature does not match> (0x00000000eab07f98) thrown at [D:\src\AOSP-openjdk-cygwin\jdk8u\hotspot\src\share\vm\prims\jni.cpp, line 4012]
Event: 1.314 Thread 0x0000000002dd2800 Implicit null exception at 0x00000000031dff58 to 0x00000000031e2cd1

Events (10 events):
Event: 1.394 Thread 0x0000000017af0800 DEOPT UNPACKING pc=0x0000000002f1557b sp=0x00000000187eea90 mode 2
Event: 1.413 Thread 0x0000000017af0800 Uncommon trap: trap_request=0xffffffde fr.pc=0x00000000032516d0
Event: 1.413 Thread 0x0000000017af0800 DEOPT PACKING pc=0x00000000032516d0 sp=0x00000000187eed80
Event: 1.413 Thread 0x0000000017af0800 DEOPT UNPACKING pc=0x0000000002f1557b sp=0x00000000187eed00 mode 2
Event: 1.643 loading class java/util/TreeMap$EntrySet
Event: 1.647 loading class java/util/TreeMap$EntrySet done
Event: 1.647 loading class java/util/TreeMap$EntryIterator
Event: 1.647 loading class java/util/TreeMap$EntryIterator done
Event: 1.647 Executing VM operation: Deoptimize
Event: 1.788 Executing VM operation: Deoptimize done


Dynamic libraries:
0x00007ff7d8c40000 - 0x00007ff7d8c71000 	C:\Program Files\Android\Android Studio\jre\bin\java.exe
0x00007ffe2f1a0000 - 0x00007ffe2f390000 	C:\Windows\SYSTEM32\ntdll.dll
0x00007ffe2d5f0000 - 0x00007ffe2d6a2000 	C:\Windows\System32\KERNEL32.DLL
0x00007ffe2cf20000 - 0x00007ffe2d1c4000 	C:\Windows\System32\KERNELBASE.dll
0x00007ffe2f080000 - 0x00007ffe2f123000 	C:\Windows\System32\ADVAPI32.dll
0x00007ffe2e540000 - 0x00007ffe2e5de000 	C:\Windows\System32\msvcrt.dll
0x00007ffe2d9b0000 - 0x00007ffe2da47000 	C:\Windows\System32\sechost.dll
0x00007ffe2d890000 - 0x00007ffe2d9b0000 	C:\Windows\System32\RPCRT4.dll
0x00007ffe2d2c0000 - 0x00007ffe2d454000 	C:\Windows\System32\USER32.dll
0x00007ffe2cec0000 - 0x00007ffe2cee1000 	C:\Windows\System32\win32u.dll
0x00007ffe2d6b0000 - 0x00007ffe2d6d6000 	C:\Windows\System32\GDI32.dll
0x00007ffe2c580000 - 0x00007ffe2c715000 	C:\Windows\System32\gdi32full.dll
0x00007ffe2c200000 - 0x00007ffe2c29e000 	C:\Windows\System32\msvcp_win.dll
0x00007ffe2c100000 - 0x00007ffe2c1fa000 	C:\Windows\System32\ucrtbase.dll
0x00007ffdf8be0000 - 0x00007ffdf8e64000 	C:\Windows\WinSxS\amd64_microsoft.windows.common-controls_6595b64144ccf1df_6.0.18362.900_none_e6beb9d913147d17\COMCTL32.dll
0x00007ffe2ec00000 - 0x00007ffe2ef35000 	C:\Windows\System32\combase.dll
0x00007ffe2c500000 - 0x00007ffe2c580000 	C:\Windows\System32\bcryptPrimitives.dll
0x00007ffe2d5c0000 - 0x00007ffe2d5ee000 	C:\Windows\System32\IMM32.DLL
0x000000006ac20000 - 0x000000006acf2000 	C:\Program Files\Android\Android Studio\jre\jre\bin\msvcr100.dll
0x000000006afc0000 - 0x000000006b806000 	C:\Program Files\Android\Android Studio\jre\jre\bin\server\jvm.dll
0x00007ffe2d7b0000 - 0x00007ffe2d7b8000 	C:\Windows\System32\PSAPI.DLL
0x00007ffe18b10000 - 0x00007ffe18b19000 	C:\Windows\SYSTEM32\WSOCK32.dll
0x00007ffe2e200000 - 0x00007ffe2e26f000 	C:\Windows\System32\WS2_32.dll
0x00007ffe25180000 - 0x00007ffe251a4000 	C:\Windows\SYSTEM32\WINMM.dll
0x00007ffe2ab50000 - 0x00007ffe2ab5a000 	C:\Windows\SYSTEM32\VERSION.dll
0x00007ffe25150000 - 0x00007ffe2517d000 	C:\Windows\SYSTEM32\WINMMBASE.dll
0x00007ffe2d1d0000 - 0x00007ffe2d21a000 	C:\Windows\System32\cfgmgr32.dll
0x00007ffe254a0000 - 0x00007ffe254af000 	C:\Program Files\Android\Android Studio\jre\jre\bin\verify.dll
0x00007ffe23fc0000 - 0x00007ffe23fe9000 	C:\Program Files\Android\Android Studio\jre\jre\bin\java.dll
0x00007ffe249e0000 - 0x00007ffe249f6000 	C:\Program Files\Android\Android Studio\jre\jre\bin\zip.dll
0x00007ffe2db10000 - 0x00007ffe2e1f6000 	C:\Windows\System32\SHELL32.dll
0x00007ffe2e380000 - 0x00007ffe2e429000 	C:\Windows\System32\shcore.dll
0x00007ffe2c740000 - 0x00007ffe2cec0000 	C:\Windows\System32\windows.storage.dll
0x00007ffe2c0d0000 - 0x00007ffe2c0f3000 	C:\Windows\System32\profapi.dll
0x00007ffe2c040000 - 0x00007ffe2c08a000 	C:\Windows\System32\powrprof.dll
0x00007ffe2c030000 - 0x00007ffe2c040000 	C:\Windows\System32\UMPDC.dll
0x00007ffe2dab0000 - 0x00007ffe2db02000 	C:\Windows\System32\shlwapi.dll
0x00007ffe2c090000 - 0x00007ffe2c0a1000 	C:\Windows\System32\kernel.appcore.dll
0x00007ffe2c720000 - 0x00007ffe2c737000 	C:\Windows\System32\cryptsp.dll

VM Arguments:
jvm_args: -Djava.awt.headless=true -Xmx1024M -Dfile.encoding=windows-1256 -Duser.country=US -Duser.language=en -Duser.variant 
java_command: com.android.dx.command.Main --dex --num-threads=4 --output D:\Laptop\Maen Naamneh\GI Projects\GalaxypharmacyApp-Sharaq\app\build\intermediates\pre-dexed\debug\GraphView-4.2.1_6310c1213fabdfa6865753c7bdbb3b9dd5c36a99.jar D:\Laptop\Maen Naamneh\GI Projects\GalaxypharmacyApp-Sharaq\app\libs\GraphView-4.2.1.jar
java_class_path (initial): C:\Users\LENOVO\AppData\Local\Android\sdk\build-tools\26.0.2\lib\dx.jar
Launcher Type: SUN_STANDARD

Environment Variables:
PATH=C:\Windows\system32;C:\Windows;C:\Windows\System32\Wbem;C:\Windows\System32\WindowsPowerShell\v1.0\;C:\Windows\System32\OpenSSH\;C:\Program Files (x86)\Microsoft SQL Server\140\Tools\Binn\;C:\Program Files\Microsoft SQL Server\140\Tools\Binn\;C:\Program Files (x86)\Microsoft SQL Server\140\DTS\Binn\;C:\Program Files\Microsoft SQL Server\140\DTS\Binn\;C:\Program Files\Microsoft SQL Server\Client SDK\ODBC\130\Tools\Binn\;C:\Program Files (x86)\Microsoft SQL Server\Client SDK\ODBC\130\Tools\Binn\;C:\Program Files (x86)\Microsoft SQL Server\140\Tools\Binn\ManagementStudio\;C:\Program Files\dotnet\;C:\Program Files\Microsoft SQL Server\130\Tools\Binn\;C:\Program Files\Microsoft SQL Server\Client SDK\ODBC\170\Tools\Binn\;C:\Program Files (x86)\Microsoft SQL Server\100\Tools\Binn\;C:\Program Files\Microsoft SQL Server\100\Tools\Binn\;C:\Program Files\Microsoft SQL Server\100\DTS\Binn\;C:\Program Files (x86)\Microsoft SQL Server\100\Tools\Binn\VSShell\Common7\IDE\;C:\Program Files (x86)\Microsoft Visual Studio 9.0\Common7\IDE\PrivateAssemblies\;C:\Program Files (x86)\Microsoft SQL Server\100\DTS\Binn\;C:\Program Files (x86)\Microsoft SQL Server\90\Tools\binn\;C:\Windows\system32\config\systemprofile\.dnx\bin;C:\Program Files\Microsoft DNX\Dnvm\;C:\Program Files\Git\cmd;C:\Program Files\Microsoft\Web Platform Installer\;C:\Program Files\Microsoft SQL Server\110\DTS\Binn\;C:\Program Files (x86)\Microsoft SQL Server\110\Tools\Binn\;C:\Program Files\Microsoft SQL Server\110\Tools\Binn\;C:\Program Files (x86)\Microsoft SQL Server\110\Tools\Binn\ManagementStudio\;C:\Program Files (x86)\Microsoft Visual Studio 10.0\Common7\IDE\PrivateAssemblies\;C:\Program Files (x86)\Microsoft SQL Server\110\DTS\Binn\;C:\Program Files (x86)\CrSSL\bin;C:\Program Files (x86)\CrSSL\bin;C:\Program Files (x86)\CrSSL\bin;C:\Users\LENOVO\AppData\Local\Microsoft\WindowsApps;C:\Users\LENOVO\.dotnet\tools
USERNAME=LENOVO
OS=Windows_NT
PROCESSOR_IDENTIFIER=Intel64 Family 6 Model 142 Stepping 11, GenuineIntel



---------------  S Y S T E M  ---------------

OS: Windows 10.0 , 64 bit Build 18362 (10.0.18362.900)

CPU:total 8 (initial active 8) (4 cores per cpu, 2 threads per core) family 6 model 142 stepping 11, cmov, cx8, fxsr, mmx, sse, sse2, sse3, ssse3, sse4.1, sse4.2, popcnt, avx, avx2, clmul, erms, 3dnowpref, lzcnt, ht, tsc, tscinvbit, bmi1, bmi2, adx

Memory: 4k page, physical 16615512k(3797944k free), swap 16615512k(2900k free)

vm_info: OpenJDK 64-Bit Server VM (25.202-b03) for windows-amd64 JRE (1.8.0_202-release-1483-b03), built by "builder" with MS VC++ 10.0 (VS2010)

time: Sun Jul 05 09:57:36 2020
timezone: Jordan Daylight Time
elapsed time: 1 seconds (0d 0h 0m 1s)

