#
# There is insufficient memory for the Java Runtime Environment to continue.
# Native memory allocation (malloc) failed to allocate 767696 bytes for Chunk::new
# Possible reasons:
#   The system is out of physical RAM or swap space
#   The process is running with CompressedOops enabled, and the Java Heap may be blocking the growth of the native heap
# Possible solutions:
#   Reduce memory load on the system
#   Increase physical memory or swap space
#   Check if swap backing store is full
#   Decrease Java heap size (-Xmx/-Xms)
#   Decrease number of Java threads
#   Decrease Java thread stack sizes (-Xss)
#   Set larger code cache with -XX:ReservedCodeCacheSize=
#   JVM is running with Unscaled Compressed Oops mode in which the Java heap is
#     placed in the first 4GB address space. The Java Heap base address is the
#     maximum limit for the native heap growth. Please use -XX:HeapBaseMinAddress
#     to set the Java Heap base and to place the Java Heap above 4GB virtual address.
# This output file may be truncated or incomplete.
#
#  Out of Memory Error (allocation.cpp:389), pid=14456, tid=0x0000000000004b94
#
# JRE version: OpenJDK Runtime Environment (8.0_202-b03) (build 1.8.0_202-release-1483-b03)
# Java VM: OpenJDK 64-Bit Server VM (25.202-b03 mixed mode windows-amd64 compressed oops)
# Failed to write core dump. Minidumps are not enabled by default on client versions of Windows
#

---------------  T H R E A D  ---------------

Current thread (0x000000001771f000):  JavaThread "C2 CompilerThread0" daemon [_thread_in_native, id=19348, stack(0x0000000017ff0000,0x00000000180f0000)]

Stack: [0x0000000017ff0000,0x00000000180f0000]
[error occurred during error reporting (printing stack bounds), id 0xc0000005]

Native frames: (J=compiled Java code, j=interpreted, Vv=VM code, C=native code)


Current CompileTask:
C2:   6707 1629   !   4       com.android.dx.cf.code.RopperMachine::run (1608 bytes)


---------------  P R O C E S S  ---------------

Java Threads: ( => current thread )
  0x0000000017a0f000 JavaThread "pool-1-thread-4" [_thread_blocked, id=18956, stack(0x00000000189f0000,0x0000000018af0000)]
  0x0000000017a06000 JavaThread "pool-1-thread-3" [_thread_blocked, id=19052, stack(0x00000000188f0000,0x00000000189f0000)]
  0x00000000179f4800 JavaThread "pool-1-thread-2" [_thread_blocked, id=14984, stack(0x00000000187f0000,0x00000000188f0000)]
  0x00000000179ee000 JavaThread "pool-2-thread-1" [_thread_blocked, id=1944, stack(0x00000000186f0000,0x00000000187f0000)]
  0x00000000179ed000 JavaThread "pool-1-thread-1" [_thread_blocked, id=18652, stack(0x00000000185f0000,0x00000000186f0000)]
  0x0000000017776800 JavaThread "Service Thread" daemon [_thread_blocked, id=13388, stack(0x00000000183f0000,0x00000000184f0000)]
  0x0000000017770000 JavaThread "C1 CompilerThread3" daemon [_thread_blocked, id=16484, stack(0x00000000182f0000,0x00000000183f0000)]
  0x0000000017723800 JavaThread "C2 CompilerThread2" daemon [_thread_in_native, id=11564, stack(0x00000000181f0000,0x00000000182f0000)]
  0x0000000017722800 JavaThread "C2 CompilerThread1" daemon [_thread_in_native, id=12828, stack(0x00000000180f0000,0x00000000181f0000)]
=>0x000000001771f000 JavaThread "C2 CompilerThread0" daemon [_thread_in_native, id=19348, stack(0x0000000017ff0000,0x00000000180f0000)]
  0x000000001771e000 JavaThread "Attach Listener" daemon [_thread_blocked, id=18572, stack(0x0000000017ef0000,0x0000000017ff0000)]
  0x000000001776d800 JavaThread "Signal Dispatcher" daemon [_thread_blocked, id=12740, stack(0x0000000017df0000,0x0000000017ef0000)]
  0x000000001591c800 JavaThread "Finalizer" daemon [_thread_blocked, id=14056, stack(0x0000000017bf0000,0x0000000017cf0000)]
  0x0000000002df8800 JavaThread "Reference Handler" daemon [_thread_blocked, id=5612, stack(0x0000000017af0000,0x0000000017bf0000)]
  0x0000000002d02800 JavaThread "main" [_thread_blocked, id=8916, stack(0x0000000002c00000,0x0000000002d00000)]

Other Threads:
  0x0000000015916000 VMThread [stack: 0x00000000175f0000,0x00000000176f0000] [id=16716]
  0x0000000017777000 WatcherThread [stack: 0x00000000184f0000,0x00000000185f0000] [id=9272]

VM state:not at safepoint (normal execution)

VM Mutex/Monitor currently owned by a thread: None

heap address: 0x00000000c0000000, size: 1024 MB, Compressed Oops mode: 32-bit
Narrow klass base: 0x0000000000000000, Narrow klass shift: 3
Compressed class space size: 1073741824 Address: 0x0000000100000000

Heap:
 PSYoungGen      total 75776K, used 18905K [0x00000000eab00000, 0x00000000f3f00000, 0x0000000100000000)
  eden space 65024K, 12% used [0x00000000eab00000,0x00000000eb2f9ff8,0x00000000eea80000)
  from space 10752K, 99% used [0x00000000eea80000,0x00000000ef4fc770,0x00000000ef500000)
  to   space 10752K, 0% used [0x00000000f3480000,0x00000000f3480000,0x00000000f3f00000)
 ParOldGen       total 173568K, used 338K [0x00000000c0000000, 0x00000000ca980000, 0x00000000eab00000)
  object space 173568K, 0% used [0x00000000c0000000,0x00000000c0054988,0x00000000ca980000)
 Metaspace       used 6227K, capacity 7152K, committed 7296K, reserved 1056768K
  class space    used 575K, capacity 616K, committed 640K, reserved 1048576K

Card table byte_map: [0x00000000121c0000,0x00000000123d0000] byte_map_base: 0x0000000011bc0000

Marking Bits: (ParMarkBitMap*) 0x000000006bf69f30
 Begin Bits: [0x0000000012d30000, 0x0000000013d30000)
 End Bits:   [0x0000000013d30000, 0x0000000014d30000)

Polling page: 0x0000000001440000

CodeCache: size=245760Kb used=7088Kb max_used=7106Kb free=238671Kb
 bounds [0x0000000002e00000, 0x0000000003500000, 0x0000000011e00000]
 total_blobs=1907 nmethods=1637 adapters=183
 compilation: enabled

Compilation events (10 events):
Event: 6.608 Thread 0x0000000017770000 1642       3       com.android.dx.ssa.back.SsaToRop$PhiVisitor::visitPhiInsn (67 bytes)
Event: 6.609 Thread 0x0000000017770000 nmethod 1642 0x00000000034bc7d0 code [0x00000000034bca40, 0x00000000034bda48]
Event: 6.611 Thread 0x0000000017770000 1643       3       com.android.dx.rop.code.Rops::opMoveResultPseudo (23 bytes)
Event: 6.612 Thread 0x0000000017770000 nmethod 1643 0x00000000034bc1d0 code [0x00000000034bc360, 0x00000000034bc698]
Event: 6.612 Thread 0x0000000017770000 1644       3       com.android.dx.rop.code.Rops::opMoveResult (23 bytes)
Event: 6.612 Thread 0x0000000017770000 nmethod 1644 0x00000000034bbbd0 code [0x00000000034bbd60, 0x00000000034bc098]
Event: 6.615 Thread 0x0000000017723800 nmethod 1637 0x00000000034c3f90 code [0x00000000034c4920, 0x00000000034c5028]
Event: 6.615 Thread 0x0000000017723800 1640       4       com.android.dx.ssa.SsaMethod::deleteInsns (239 bytes)
Event: 6.616 Thread 0x0000000017770000 1645       3       com.android.dx.rop.cst.CstString::<init> (42 bytes)
Event: 6.616 Thread 0x0000000017770000 nmethod 1645 0x00000000034c3590 code [0x00000000034c3760, 0x00000000034c3cf8]

GC Heap History (2 events):
Event: 4.804 GC heap before
{Heap before GC invocations=1 (full 0):
 PSYoungGen      total 75776K, used 65024K [0x00000000eab00000, 0x00000000eff80000, 0x0000000100000000)
  eden space 65024K, 100% used [0x00000000eab00000,0x00000000eea80000,0x00000000eea80000)
  from space 10752K, 0% used [0x00000000ef500000,0x00000000ef500000,0x00000000eff80000)
  to   space 10752K, 0% used [0x00000000eea80000,0x00000000eea80000,0x00000000ef500000)
 ParOldGen       total 173568K, used 0K [0x00000000c0000000, 0x00000000ca980000, 0x00000000eab00000)
  object space 173568K, 0% used [0x00000000c0000000,0x00000000c0000000,0x00000000ca980000)
 Metaspace       used 6212K, capacity 7152K, committed 7296K, reserved 1056768K
  class space    used 575K, capacity 616K, committed 640K, reserved 1048576K
Event: 5.663 GC heap after
Heap after GC invocations=1 (full 0):
 PSYoungGen      total 75776K, used 10737K [0x00000000eab00000, 0x00000000f3f00000, 0x0000000100000000)
  eden space 65024K, 0% used [0x00000000eab00000,0x00000000eab00000,0x00000000eea80000)
  from space 10752K, 99% used [0x00000000eea80000,0x00000000ef4fc770,0x00000000ef500000)
  to   space 10752K, 0% used [0x00000000f3480000,0x00000000f3480000,0x00000000f3f00000)
 ParOldGen       total 173568K, used 338K [0x00000000c0000000, 0x00000000ca980000, 0x00000000eab00000)
  object space 173568K, 0% used [0x00000000c0000000,0x00000000c0054988,0x00000000ca980000)
 Metaspace       used 6212K, capacity 7152K, committed 7296K, reserved 1056768K
  class space    used 575K, capacity 616K, committed 640K, reserved 1048576K
}

Deoptimization events (10 events):
Event: 3.884 Thread 0x0000000017a0f000 Uncommon trap: reason=unloaded action=reinterpret pc=0x0000000003321b38 method=com.android.dx.ssa.LiteralOpUpgrader$1.visitNonMoveInsn(Lcom/android/dx/ssa/NormalSsaInsn;)V @ 72
Event: 4.588 Thread 0x0000000017a0f000 Uncommon trap: reason=bimorphic action=maybe_recompile pc=0x0000000003470680 method=com.android.dx.cf.code.BytecodeArray.parseInstruction(ILcom/android/dx/cf/code/BytecodeArray$Visitor;)I @ 1357
Event: 4.589 Thread 0x0000000017a0f000 Uncommon trap: reason=bimorphic action=maybe_recompile pc=0x0000000003470680 method=com.android.dx.cf.code.BytecodeArray.parseInstruction(ILcom/android/dx/cf/code/BytecodeArray$Visitor;)I @ 1357
Event: 4.589 Thread 0x00000000179ed000 Uncommon trap: reason=unstable_if action=reinterpret pc=0x00000000033c7c74 method=com.android.dx.ssa.SsaBasicBlock.scheduleMovesFromPhis()V @ 63
Event: 5.679 Thread 0x0000000017a0f000 Uncommon trap: reason=bimorphic action=maybe_recompile pc=0x0000000002fff7c0 method=java.util.HashMap.getNode(ILjava/lang/Object;)Ljava/util/HashMap$Node; @ 126
Event: 5.679 Thread 0x0000000017a0f000 Uncommon trap: reason=class_check action=maybe_recompile pc=0x0000000003357440 method=java.util.HashMap.putVal(ILjava/lang/Object;Ljava/lang/Object;ZZ)Ljava/lang/Object; @ 203
Event: 6.414 Thread 0x0000000017a06000 Uncommon trap: reason=bimorphic action=maybe_recompile pc=0x00000000034acb38 method=com.android.dx.cf.code.RopperMachine.run(Lcom/android/dx/cf/code/Frame;II)V @ 1015
Event: 6.415 Thread 0x0000000017a06000 Uncommon trap: reason=bimorphic action=maybe_recompile pc=0x00000000034acb38 method=com.android.dx.cf.code.RopperMachine.run(Lcom/android/dx/cf/code/Frame;II)V @ 1015
Event: 6.415 Thread 0x0000000017a06000 Uncommon trap: reason=bimorphic action=maybe_recompile pc=0x00000000034acb38 method=com.android.dx.cf.code.RopperMachine.run(Lcom/android/dx/cf/code/Frame;II)V @ 1015
Event: 6.416 Thread 0x0000000017a06000 Uncommon trap: reason=bimorphic action=maybe_recompile pc=0x00000000034acb38 method=com.android.dx.cf.code.RopperMachine.run(Lcom/android/dx/cf/code/Frame;II)V @ 1015

Classes redefined (0 events):
No events

Internal exceptions (3 events):
Event: 0.286 Thread 0x0000000002d02800 Exception <a 'java/lang/NoSuchMethodError': Method sun.misc.Unsafe.defineClass(Ljava/lang/String;[BII)Ljava/lang/Class; name or signature does not match> (0x00000000eab07cb0) thrown at [D:\src\AOSP-openjdk-cygwin\jdk8u\hotspot\src\share\vm\prims\jni.cpp, 
Event: 0.286 Thread 0x0000000002d02800 Exception <a 'java/lang/NoSuchMethodError': Method sun.misc.Unsafe.prefetchRead(Ljava/lang/Object;J)V name or signature does not match> (0x00000000eab07f98) thrown at [D:\src\AOSP-openjdk-cygwin\jdk8u\hotspot\src\share\vm\prims\jni.cpp, line 4012]
Event: 3.172 Thread 0x0000000017a06000 Implicit null exception at 0x00000000030d1762 to 0x00000000030d185a

Events (10 events):
Event: 6.415 Thread 0x0000000017a06000 DEOPT UNPACKING pc=0x0000000002e4557b sp=0x00000000189ee278 mode 2
Event: 6.415 Thread 0x0000000017a06000 Uncommon trap: trap_request=0xffffffc6 fr.pc=0x00000000034acb38
Event: 6.415 Thread 0x0000000017a06000 DEOPT PACKING pc=0x00000000034acb38 sp=0x00000000189ee2b0
Event: 6.415 Thread 0x0000000017a06000 DEOPT UNPACKING pc=0x0000000002e4557b sp=0x00000000189ee278 mode 2
Event: 6.415 Thread 0x0000000017a06000 Uncommon trap: trap_request=0xffffffc6 fr.pc=0x00000000034acb38
Event: 6.415 Thread 0x0000000017a06000 DEOPT PACKING pc=0x00000000034acb38 sp=0x00000000189ee2b0
Event: 6.415 Thread 0x0000000017a06000 DEOPT UNPACKING pc=0x0000000002e4557b sp=0x00000000189ee278 mode 2
Event: 6.416 Thread 0x0000000017a06000 Uncommon trap: trap_request=0xffffffc6 fr.pc=0x00000000034acb38
Event: 6.416 Thread 0x0000000017a06000 DEOPT PACKING pc=0x00000000034acb38 sp=0x00000000189ee2b0
Event: 6.416 Thread 0x0000000017a06000 DEOPT UNPACKING pc=0x0000000002e4557b sp=0x00000000189ee278 mode 2


Dynamic libraries:
0x00007ff7d45a0000 - 0x00007ff7d45d1000 	C:\Program Files\Android\Android Studio\jre\bin\java.exe
0x00007ff9adea0000 - 0x00007ff9ae090000 	C:\Windows\SYSTEM32\ntdll.dll
0x00007ff9ad0c0000 - 0x00007ff9ad172000 	C:\Windows\System32\KERNEL32.DLL
0x00007ff9ab770000 - 0x00007ff9aba14000 	C:\Windows\System32\KERNELBASE.dll
0x00007ff9ad670000 - 0x00007ff9ad713000 	C:\Windows\System32\ADVAPI32.dll
0x00007ff9acc80000 - 0x00007ff9acd1e000 	C:\Windows\System32\msvcrt.dll
0x00007ff9ad560000 - 0x00007ff9ad5f7000 	C:\Windows\System32\sechost.dll
0x00007ff9add10000 - 0x00007ff9ade30000 	C:\Windows\System32\RPCRT4.dll
0x00007ff9adb70000 - 0x00007ff9add05000 	C:\Windows\System32\USER32.dll
0x00007ff9abe70000 - 0x00007ff9abe91000 	C:\Windows\System32\win32u.dll
0x00007ff9abf20000 - 0x00007ff9abf46000 	C:\Windows\System32\GDI32.dll
0x00007ff9abc00000 - 0x00007ff9abd96000 	C:\Windows\System32\gdi32full.dll
0x00007ff9aaef0000 - 0x00007ff9aaf8e000 	C:\Windows\System32\msvcp_win.dll
0x00007ff9aadf0000 - 0x00007ff9aaeea000 	C:\Windows\System32\ucrtbase.dll
0x00007ff98ff80000 - 0x00007ff990204000 	C:\Windows\WinSxS\amd64_microsoft.windows.common-controls_6595b64144ccf1df_6.0.18362.1016_none_9e7a36bbe461dae4\COMCTL32.dll
0x00007ff9acd20000 - 0x00007ff9ad055000 	C:\Windows\System32\combase.dll
0x00007ff9abea0000 - 0x00007ff9abf20000 	C:\Windows\System32\bcryptPrimitives.dll
0x00007ff9ad380000 - 0x00007ff9ad3ae000 	C:\Windows\System32\IMM32.DLL
0x000000006b6c0000 - 0x000000006b792000 	C:\Program Files\Android\Android Studio\jre\jre\bin\msvcr100.dll
0x000000006b7a0000 - 0x000000006bfe6000 	C:\Program Files\Android\Android Studio\jre\jre\bin\server\jvm.dll
0x00007ff9ac650000 - 0x00007ff9ac658000 	C:\Windows\System32\PSAPI.DLL
0x00007ff9a7530000 - 0x00007ff9a7539000 	C:\Windows\SYSTEM32\WSOCK32.dll
0x00007ff9ad4f0000 - 0x00007ff9ad55f000 	C:\Windows\System32\WS2_32.dll
0x00007ff9a7310000 - 0x00007ff9a7334000 	C:\Windows\SYSTEM32\WINMM.dll
0x00007ff9a0e50000 - 0x00007ff9a0e5a000 	C:\Windows\SYSTEM32\VERSION.dll
0x00007ff9a72c0000 - 0x00007ff9a72ed000 	C:\Windows\SYSTEM32\winmmbase.dll
0x00007ff9aaf90000 - 0x00007ff9aafda000 	C:\Windows\System32\cfgmgr32.dll
0x00007ff9a7590000 - 0x00007ff9a759f000 	C:\Program Files\Android\Android Studio\jre\jre\bin\verify.dll
0x00007ff99fd90000 - 0x00007ff99fdb9000 	C:\Program Files\Android\Android Studio\jre\jre\bin\java.dll
0x00007ff99fc30000 - 0x00007ff99fc46000 	C:\Program Files\Android\Android Studio\jre\jre\bin\zip.dll
0x00007ff9abf60000 - 0x00007ff9ac647000 	C:\Windows\System32\SHELL32.dll
0x00007ff9ad2d0000 - 0x00007ff9ad379000 	C:\Windows\System32\shcore.dll
0x00007ff9aafe0000 - 0x00007ff9ab762000 	C:\Windows\System32\windows.storage.dll
0x00007ff9aad30000 - 0x00007ff9aad53000 	C:\Windows\System32\profapi.dll
0x00007ff9aad60000 - 0x00007ff9aadaa000 	C:\Windows\System32\powrprof.dll
0x00007ff9aad20000 - 0x00007ff9aad30000 	C:\Windows\System32\UMPDC.dll
0x00007ff9ada90000 - 0x00007ff9adae2000 	C:\Windows\System32\shlwapi.dll
0x00007ff9aadb0000 - 0x00007ff9aadc1000 	C:\Windows\System32\kernel.appcore.dll
0x00007ff9abda0000 - 0x00007ff9abdb7000 	C:\Windows\System32\cryptsp.dll

VM Arguments:
jvm_args: -Djava.awt.headless=true -Xmx1024M -Dfile.encoding=windows-1256 -Duser.country=US -Duser.language=en -Duser.variant 
java_command: com.android.dx.command.Main --dex --force-jumbo --num-threads=4 --output D:\Laptop\Maen Naamneh\GI Projects\GalaxypharmacyApp-Sharaq\app\build\intermediates\pre-dexed\debug\ZSDK_ANDROID_API_69608b71ed59f348d802e4b31d71d19dc32ad164.jar D:\Laptop\Maen Naamneh\GI Projects\GalaxypharmacyApp-Sharaq\app\libs\ZSDK_ANDROID_API.jar
java_class_path (initial): C:\Users\LENOVO\AppData\Local\Android\sdk\build-tools\26.0.2\lib\dx.jar
Launcher Type: SUN_STANDARD

Environment Variables:
PATH=C:\Windows\system32;C:\Windows;C:\Windows\System32\Wbem;C:\Windows\System32\WindowsPowerShell\v1.0\;C:\Windows\System32\OpenSSH\;C:\Program Files (x86)\Microsoft SQL Server\140\Tools\Binn\;C:\Program Files\Microsoft SQL Server\140\Tools\Binn\;C:\Program Files (x86)\Microsoft SQL Server\140\DTS\Binn\;C:\Program Files\Microsoft SQL Server\140\DTS\Binn\;C:\Program Files\Microsoft SQL Server\Client SDK\ODBC\130\Tools\Binn\;C:\Program Files (x86)\Microsoft SQL Server\Client SDK\ODBC\130\Tools\Binn\;C:\Program Files (x86)\Microsoft SQL Server\140\Tools\Binn\ManagementStudio\;C:\Program Files\dotnet\;C:\Program Files\Microsoft SQL Server\130\Tools\Binn\;C:\Program Files\Microsoft SQL Server\Client SDK\ODBC\170\Tools\Binn\;C:\Program Files (x86)\Microsoft SQL Server\100\Tools\Binn\;C:\Program Files\Microsoft SQL Server\100\Tools\Binn\;C:\Program Files\Microsoft SQL Server\100\DTS\Binn\;C:\Program Files (x86)\Microsoft SQL Server\100\Tools\Binn\VSShell\Common7\IDE\;C:\Program Files (x86)\Microsoft Visual Studio 9.0\Common7\IDE\PrivateAssemblies\;C:\Program Files (x86)\Microsoft SQL Server\100\DTS\Binn\;C:\Program Files (x86)\Microsoft SQL Server\90\Tools\binn\;C:\Windows\system32\config\systemprofile\.dnx\bin;C:\Program Files\Microsoft DNX\Dnvm\;C:\Program Files\Git\cmd;C:\Program Files\Microsoft\Web Platform Installer\;C:\Program Files\Microsoft SQL Server\110\DTS\Binn\;C:\Program Files (x86)\Microsoft SQL Server\110\Tools\Binn\;C:\Program Files\Microsoft SQL Server\110\Tools\Binn\;C:\Program Files (x86)\Microsoft SQL Server\110\Tools\Binn\ManagementStudio\;C:\Program Files (x86)\Microsoft Visual Studio 10.0\Common7\IDE\PrivateAssemblies\;C:\Program Files (x86)\Microsoft SQL Server\110\DTS\Binn\;C:\Program Files (x86)\CrSSL\bin;C:\Program Files (x86)\CrSSL\bin;C:\Program Files (x86)\CrSSL\bin;C:\Users\LENOVO\AppData\Local\Microsoft\WindowsApps;C:\Users\LENOVO\.dotnet\tools
USERNAME=LENOVO
OS=Windows_NT
PROCESSOR_IDENTIFIER=Intel64 Family 6 Model 142 Stepping 11, GenuineIntel



---------------  S Y S T E M  ---------------

OS: Windows 10.0 , 64 bit Build 18362 (10.0.18362.959)

CPU:total 8 (initial active 8) (4 cores per cpu, 2 threads per core) family 6 model 142 stepping 11, cmov, cx8, fxsr, mmx, sse, sse2, sse3, ssse3, sse4.1, sse4.2, popcnt, avx, avx2, clmul, erms, 3dnowpref, lzcnt, ht, tsc, tscinvbit, bmi1, bmi2, adx

Memory: 4k page, physical 16615512k(4126800k free), swap 16615512k(5560k free)

vm_info: OpenJDK 64-Bit Server VM (25.202-b03) for windows-amd64 JRE (1.8.0_202-release-1483-b03), built by "builder" with MS VC++ 10.0 (VS2010)

time: Sun Aug 30 16:35:11 2020
timezone: Jordan Daylight Time
elapsed time: 6 seconds (0d 0h 0m 6s)

